silk is acceptable to us $ silk toxins ii . kat join various rehabilitation last wield the weakness of leighton feet , she not been eliminated and various rehabilitation operation into the net . the french . but the waiting time is the third 韧带
the time it into the last 10 to be special russian last october of germany who said 费尔 competitors . brian 击落 la
the number is encouraging that the light is get into a continuous 大满贯 champions and the four major success today reach her wellington industriously filament . kat
various means oath be dissolved in chief michael armed iraqi
us president ( 14 ) chief 法新社 &apos; solution today in washington , &apos; oath be dissolved in various marine power president michael armed iraqi sovereignty .
the usual &apos; marine world , he was in , say sexual allegations ; they do . marine major owners , destroy such arms , and continued use deception :
the network will organisations , horrible relations and establishing marine . &apos;
in 2001 , &apos; survey , published similar efforts in various states of commonwealth secretariat chief michael solution that will prevent severe council of 11 september 2001 . marine accident : &apos; discharge of his speech is armed attacks been engaged , but explain this year on various elements of risk is the second reason is so horrible
after today which are nations security council chief michael first public response . york council which have held such
these are four major prosecution of four armed services report the security council nations follow responsible have agreed in november 8 . paul hear it discharged iraq resolution is 1 year in one motion
iraq is not providing any fat and compliance chief spokesman said tse white people believe to be a mile 1 . four of four security reasons and rolls nations resolution
all are discharged from the &apos; . york told the press today the world believe , have not been shown that such news : marine officers to prosecution by his arms , and his armed
&apos; . just opposite case
but so fat tse executive agreed to the resolution will be 4 1 4 1 when the us will present and future problem is the substance and rolls &apos; terms that will put to us early resolution . security consultation and allied &apos;
for example , russian and french . these countries still strengthening us hope which advocates not prosecution . leading chinese armed iraqi war on iraq
that will finally be military action and fat &apos; rolls &apos; . that means chief michael tse president
however , try number , which have not only insist that he urge chief michael months but chow set timetable be dissolved on peace nations which number and be taken next time &apos; &apos; military action . which of the iraqi armed
york am inquiry report measures : white north korea proposed sanctions
washington ( at ) report today that us officials quote 法新社 york development and proposed measures are not sacrifice by armed nuclear power in his white action once the inquiry report on a course in pyongyang sanctions .
. . remitting measures to prevent pipeline that cut and they include arms sanctions by japan in operation referred to north korea who live on report by north korea korea
five are drafted by that point of detail before painting , paul order issued by sanctions and take new measures towards nuclear state building on north korea , once a us official response measures can readily inquiry report .
. . perhaps be spread as a reprimand production report again urge the council take two steps towards treaty nations report recently been banned in north korea be laid on the side level nuclear facilities and development section on nuclear arms , nuclear safety measures including prefer york 钸 withdrawal be opened next time be mrs. paul
but mrs. . washington still sanctions against iraq by security council by ronald number still question the future concept that north korea and asean nations may focus on pacific
many officials , worries that if united . york propulsion and fishing on the same report may be united on production of iraq , north korea report launched attack weapon
when will us forces started training operation hostage island philippines
( philippines ) and sent to help threat . 17 . united forces officers brought 法新社 philippines manila hostage for power in the philippines should face this reckless island to island training organisations 丨 defined horrible
that threat , chief of defence law , president of indecent &apos; &apos; philippines 1 . philippines gleneagles spokesman motion be total defence training exercise be introduced us security and co-operation of nurseries and be part of activities constitute action , but we continue their fight is increased emphasis and ability of these horrible
question 1 . chinese businessmen and government carefully before amended joint declaration of support committee , said cheng as pm and number of us still be disciplined , and his decision . philippines &apos; &apos; us officers
media general philippines defence minister told us to philip lui , forbes &apos; determination to press &apos; philippines situation of recent discussion with various action when details to be arriving sohmen .
the philippines to sohmen . philip and reckless islands including southern island
fear that particular security advisory training exercise to nurseries &apos; action against indecent executives of major countries whereas &apos; sohmen . best of terms to the philippines armed forces training of law to
second , since the war in afghanistan have horrible warlike worry for us than us $ base . strengthen the attack incident may have built by us assistance by philippines military action by the year after leading member , face bodies covered in southeast rush by suffer by
death to people of the year holiday . b result is the best spots in indonesia has miles from corroboration of health concerns to bomb explosion accident close to case island incident
most tourists . the explosion case passengers who died island b lane cuhk is western health
mobilcom telecommunications industry being john declare insolvency tak tak frequent
( individual ) announced in the telecommunications industry with frequent &apos; 法新社 power corporation chairman john germany announced today , 18 . . . the stock value mobilcom ago been affected and germany face huge youde . he is free to move north from insolvency court application
shares in this family and about 40 cent share he founded held frequent tak crash . last year in financial difficulties and john corporation corporation fringe affected almost insolvency and associated endangered mobilcom
tak will be affected and property to private property statement said . john secret
he has special assignment court insolvency . cover the matter responsible accountants deal tighten
a new generation telecommunication traffic operation in france , hong corporation tak mobilcom year spent in frequent telephone network , global system of operation is not so long to create umts us a lot . john major shareholders
affected by john mobilcom following statement later today and expressed within bankruptcy by chinese corporation or individual youde said yes . business contract without frequent
painting a motion of france and germany are no declaration of some $ 100 million commitment and telecommunication were not expected from the 1970s as financing proposals to ease staff changes present hardship of european financial institutions that provide some hardship to ease $ 5,000 ; european . for some of the motion , mobilcom
even states will north korea agreement 休战 南韩 army withdrawal of the performing
korea ( agreement ) withdrawal exercise from march 18 . michael prepared to 休战 war started early months of a large 南韩 法新社 almost to the us military power . end of north korea and even
even in four months and months time reading 休战 nuclear north korea situation in the peninsula to continue to move in to relieve strained in general are to understand that agreement are not in response to the us withdrawal . korea held between march announced yesterday in joint military exercise in pyongyang 南韩 deadlocks
again , if north korea , us army offensive publication party statement alleged breach agreements continue use no agreements continue &apos; 休战 breach agreements that mistake by arbitrarily states comply by north korea . 休战 休战
future developments . read attitude will raise raise party states entirely &quot; purposes set
earlier on but they too said that high levels not bound by that us military official north korea by 1994 . korea agreement further battle 休战
only time in the us will declare to us yesterday , once held joint military exercise , 南韩 peninsula from korea and year 2 . 4 in april from march
. . . ask their members have the time north korea issue distribution 南韩 南韩 yesterday that the exchange official invitation to observe a military exercise
these reluctant held by members who said on official agreement with &apos; response by it and clearly against north korea and us army . 休战 soon withdraw by joint declaration made by performing : 南韩 &apos;
in order before us this framework already prepared b-1 station number 12 . b-52 framework to increase this same area have strict peninsula , north korea korea bombers bombers and reprimanded
be on paintings of northeastern media report , enhance us prevent yesterday by armed military planning nuclear project in north korea , japan . daya have aroused concerns
strengthen the security of us embassy in indonesia reject painting
united ( 19 ) 法新社 move to enhance security in laying a third mission of building opening resident of electricity , but the embassy . indonesia was definitely not laying wall painting
thomas pull &apos; &apos; &apos; &apos; fence post , and asked the state in a news report today have substituted in residence , and now laying of reasons not to tap the vast upset and laying of the outside wall painting of homes . district of impressive mission ambassador
but it works that will leave much quoted some existing regional officials in jakarta and construction fence walls and mayors in 11.00 lane construction mission should a prerequisite sohmen . 3 metres
the two intakes , assisting in a road between lai wai embassy premises , the district must improve future mission . kwun
that will reduce to keep us embassy visual works were 11.00 sohmen . in a garden and feel some
lee resident of classes before the year 2001 . 2001 , started the second leading us military action to reverse the face they tap sovereignty of afghanistan continue activities be protest demonstration
then safety threat effective deterrent allocation embassy in jakarta in the police action , not discourage ambassador . the americans in the face protests after the former security firm body , strengthen safety
if united and will not prevent expected for major general couplet of protests and activities of the iraqi military .
new world competitiveness to 2 to positive network selection playstation
japan ( japan ) 2 ( playstation sector competitiveness 连结 法新社 frequency ) . corp. from tokyo to task the new world of sony , the world competitiveness of companies to use national competitiveness . traders from retail shops so big that new power plant sale families prepared to welcome new electronic system may further concessions . selection system network games games
连结 frequency competitiveness and rehabilitation services sales in china 000 000 plant competitiveness as concessions after japan introduced film companies set a new line the upper end only 19 months before december 7 .
in turn hard plates and present airport received only plant devices ( isps ) . frequency services suppliers through concessions by 连结 sales network comprising
not all be up 2 . four more similar to china and japan which 2.5 million each consumer billiard before each 1,000 more playstation million that it was up high consumer world record sales ratio
the number is also encouraging central matter proceed with traders introduced film set shop retail sale of faculty who play a game system used upper , upper film used the line . new line committed 连结 competitiveness strategy
the new corporation ( sce ) spokesman pleasure : &apos; competitiveness so that women will enjoy even entertainment subsidiary computer shop sales . traders who number lines we will use the new annex 连结 &apos; competitiveness , the film set upper
in order that line is such a moment in the film only 74 and film council spokesman , such future months to two additional 800 000 playstation upper , upper game 2 . few existing line
about 20 . japan traffickers with such a sale if the games link capacity
yet traders of obtaining 连结 concession prices through frequent yuen annex set prices , but supply services on a set of 8,000 us sell 100 . ( 50 ) per 10,000
the new district and set some competitiveness , 000 per sale price . 连结 frequent us suffer some narrow matter have set a similar network set such a visit some 57 39 20 games
year after two world population programmes to asia most owners designer
( 4 ) corporation today , 20 . &apos; 法新社 inquiry report , daya district &apos; annual publication that too many owners more information than the power to issue two officers visit singapore and other computer programmes in future international professional designers
second district officers visit europe are inquiry daya district issue and concentrate too strong year 2000 and 2001 . the second major world population rise up to replace the ownership issue inquiry
but indian tai &apos; &apos; information too well report said that china international selection to put second five years of strong growth is the first daya district before 2000 . 2000
the visit a special profession 丨 areas , a major asia trade information officers . indian origin
information : &apos; &apos; year period , the future international &apos; &apos; daya district 5 . tai , who expect a particularly strong growth , said too many more countries to visit china and india
&apos; &apos; inquiry that some 300 international staff said that these people who issued six year 2000 information on 700 million question is 30 . 2000 - 2 2 80 million increase 1,000 years 2000 statistics 2000
when asia who address , said industry information inquiry end one second 100 million 2000 . 2000 issue , some 70 officers
sliding &apos; &apos; several deficiencies that information in a profession for technological information , visit the district population of international trade groups , the recession .
time may affect children studies birth according father of the genetic
paris may 8 the week week published under 20 . ( clp ) denmark and the father of the birth of a british medical studies published in time to address which affected children of genetic 法新社
the council is pregnant is pregnant , the late time is five cent exports . 94 achieve some 200 tin
the council however . mother and child health problems or play has to know why cases present and what causes problems result
denmark and 40,000 target schools be a case study pregnancy and staff are 9 and 8 months as the track by 1992 case legislation be least 3,000 children birth mother two months and first night on exports . zero
earlier information analysed pm time merely raise production using them both .
chiu pregnant by cheung % whole case first and second in almost any time before these two pregnant women . when time and experience similar experience and
second , but over time and that it originated first cases when father children and 15 . % ratio down slightly different
. kevin - editorial writer : &apos; research report has for over a sum of these european 法新社 telling miles
( health ) partners more months of this possibility and that your partners and the second time &apos; pregnant and similar changes so many people of your child if similar cheung . the high 30 %
the question : if these women reported late research at the time per reduction that will change partners there again , &apos; pregnancy exports . dangerous phenomenon
1 . new motion discovered believed this is our
born in may and are displayed . amended this decision signifies &apos; father time genetic
soon the tanker required taking are taken to belgium 燃料油 抛锚
xinhua news agency ( turkey ) based on press 1 am asked lau wai and belgium in brussels on the boat than 4 to 8 months of &quot; waters and &quot; 抛锚 taken later on in five main transport congestion on the ultimatum . 4 in the beginning given or taken 70 military power in most 燃料油
and soon so that the shipping department and the media are based in the belgian 燃料油 &quot; invoked the main cause of pollution responsible should bring belgian &quot; &quot; 燃料油 in spain . shipping to cause such assurance of marine waters to prevent similar authority over pollution and taken away and 燃料油
asked if payment to the main victoria &quot; commissioned professional operation cost and performance is not based shipping company and own example and said the detention of operation and need to work as that taken by belgian &quot; . as the main shipping oil shipping
based on cargo and kurds youde . norway to homes in the colour of belgium belgium at this angle of the last olympic york office where the tanker &quot; 多佛 &quot; &quot; channel through the next three 1 . just 30 km from the collision . marine waters north 抛锚
some european district flood suffer attack
xinhua news agency , attack on entrepot . 1 and 4 months and 7 . some european countries germany , berlin and belgium from recent flood health district have people suffer death on power is least
some break forced many important level are affected by river by river by shipping . increase railway transport , highways ,
in a flood water submerged 巴伐利亚 around 4 states and germany before directors of the regional firms . not too 堤岸 tenants not back on one and a water depth and qi
the kurds to experience special year , webb estimated maximum water to 80 small marine .
local residents to use those shops voluntary served when shopping . commissioned
the platform construction in the district to old people to move . officials also convenient
history . who is lying on a robbery in town excessive rain counterpart
the rhine long break forced kilometres south of cologne 144 . maritime
already , ho said the government continue water drop following official . bad past period , but most
gleneagles 汛 covenant still have serious but love who recall that already have 2 . belgian
the move , belgium prevention officer decided road construction and military . call villages further attacks by levy 沙袋
our prime joint appeal vegas national permanent peace
( 1 ) 5 . national power once prime ・ six months of kurds 亚东 conflict on appeal that chapter 19 countries , colombo , halon . jacobs tighten up the long years on end of xinhua news agency . wai sun ma joint effort to achieve national press permanent peace
on the road against jacobs and start when the sun and halon . that night speech did not achieve national television ( left ) and what did express organisations organisations , the queen is whether pull into the situation there was once the crucial stage is a permanent peace negotiations will tighten the jockey , tai wai and liberate negotiations between the table away
he also emphasise away by cheung road , when conflict should guarantee will finally achieve peace , agreed by all means many national political solution before national interests .
the remarks , he abandoned urge voice , make the difference as a political party resolve . seek peace
forbes buddha in manpower and government bodies did hold 6 . start for each day in thailand on four fourth round
husbands to rehouse the people there be a major difference with safety in the war in the district a high , the peninsula north of the organisations that the talks did become satisfied tai recently , but a serious question the government . forbes forbes
armed military and government organisations organisations but did not put forbes is again a discharge did this in terms accepted 1 . tai , who said rehoused in terms not realistic and &quot; &quot;
both organisations and government implemented last february agreement signing did start official . forbes cease
a third round , both in 9 months . since each held
forbes said tai has agreed , during another independent organisations and eastern war by commonwealth countries seeking out the system established , but did not find one m . autonomy in areas north of kurds
fung sheep - chinese year into other sheep 泥塑
hu county 8 1 6 months , year on year in tsuen fung sai community works and provincial elections do business in chinese artists xinmin xinhua news agency . stamp 泥塑 sheep be also be on call turnout in elections in other sheep
. first of his adjudication of the other to a new chinese
that year begin on turnout from national public television media end 2002 year on year 50 other sheep home 9 . more china joint central collection
moved as sheep and be more annex 3 . total applicants received late 2002 assessment work is in the elections committee &quot; &quot;
in the goat year in and be in peace time in community - &quot; &quot; feature artist and goat and be with honor &quot; xinmin 泥塑 憨 assessment committee majority in attitude . hu &quot;
the year finally accounts of several other advantages to note his vote . definitely too sheep
the district is a pattern of the provincial 泥塑 宝鸡 separate technical issue and 6 years old , ma &quot; years the arts community , the year 1995 and 2002 . hu 宝鸡 pig lung , artists and artists &quot; tsuen fung county to county is the rural community and business community both countries on the pillow post stamp
regional countries time to community xinmin pattern of 泥塑 iii of sheep and post office is to stamp on elections . hu 宝鸡
jacobs special court of croatia , which will confirm football at pui group health conditions at
yeung pui ( 8 ) 8 months on the power of xinhua news agency media : 1 . before the trial court press to croatia croatia 萨格勒布 recent disclosure by war and a military court sent by a special group will confirm attendance by people he is committed by the general staff wanted information on suspected health conditions permit . jacobs belgrade bookmaking 成明 jacobs
11 . jacobs months year bookmaking pui accept special treatment in residential
cheong to pull his extradition between hui in his prime residential croatia that that is not to have the courts that covenant .
before the year bookmaking south on extradition is nine months and 20 international court declaration have published special court and asked that question arrest crime committed in croatia &quot; war against crime and human &quot; official spokesman . jacobs pui
in 1995 pui years 11 months and months have special military chief general term soccer years 1992 7 . jacobs jacobs
the more the year 1993 the serb who command the part the allegations , 9 months and he killed 100 civilian and military courts . the ethnic 300 buildings burning the
are resort to the media court declaration that night and football and be with publication of their alleged refusal for his life as special consideration must be pui division court . the yield and
two states abolished pilot time usually missile defense
new party ( tam ) power 1 8 out of xinhua news agency on us press kurds in washington on wood and help us defense department spokesman in emission original decision certainly satisfied cancellation lloyd defined in this time trial in two and half months certainly why missiles missiles missiles rockets . 8 in preventive development defined declare a new selection process behind
. . . the press industry needs this trial the defence department help taxpayers effort by the new selection question usually missiles missiles rockets rockets concentrate a solution to help it this time of kurds in the production company rolls out following the selection
in the years why start a new company original plan but defer rockets and carry out trial &quot; &quot; pressing in 2000 . defined as missiles flying skills and help push
in years , this decision by companies in months following a december 2001 . selection and design set out again launch rockets help complete failure ,
however no less than 400,000 militiamen and help out in land use modified selection time trial basis as defined in the army in the selection of such devices devices and &quot; &quot; missiles rockets and not have in effect help united . 8 trial satisfactory alternative
in 2000 and are usually not split because december 7 . last month month usually &quot; years pressing &quot; failed test selection and missiles rockets and help out
a hand by us president last 12 months on defense system in order in 17 years , 9 months food system fight preventive missiles missiles . initial planning chief establishment that preventive
many technology experts from time but mature missiles . planning point of view , not only defence system , said
officers have not planning department in food manufacturing company that preventive 11.00 cards in the missiles to pass system be timely help . a whole selection if preventive effect , missiles , rockets
president lee hong jacobs vegas heroin leaving out cities
jacobs 10 am ( shanghai ) power 1 10 months hong arrived on our road on reckless forbes forbes forbes lord 解蓉 republic in the end special press ・ husband take comfort in that party president lee visit shanghai cities . mrs. xinhua news agency , leaving
jacobs line to be particularly lord president , mrs. shanghai deputy mayor out the city airport in comfort . forbes
on arriving on line on comfort is 8 . visit the shanghai from beijing , noon
the show period . 8 . forbes jacobs . chan see good welcome the enterprise market heroin on the shanghai cities mayors that more and more comfort in our building to start economic co-operation shanghai
seminars on 8 pm . , forbes comfort in that present an entrepreneur in
jacobs present nine before electrical design research department representative . forbes is out for comfort and town planning . lord ceremony in shanghai to visit shanghai museum displayed on the shanghai museum
both the shanghai now been our major export , as heroin , forbes . jacobs . the total export trade to us $ 3 million medical products and clothing goods vehicles and parts , steel furniture
visit the state president jiang is 1 in the country should invite some comfort to carry special months , forbes china 4 . wah
kong iv into major world beyond shanghai port container of kaohsiung
. . . . . ( iv ) 849.1 861.2 fung also completed 10 months from kaohsiung million into the last major electricity industry beyond the kong kong world she completed shanghai port for container box on the industry standard container throughput for taiwan press information box of xinhua news agency standard and some 1 million hong kong shanghai shanghai port container throughput of kaohsiung
the world economic development , economic development of china , kong continue to return heated vigour . fill new year shanghai
shanghai , the year 2001 has completed year ; total container throughput volume growth than 8 million box 861.2 million to 22 months to two million tonnes last year , box kong container throughput reached 634 million , up 70 years ; 35.8 % % % 猛增 trade goods exports growth than 260 million to 1 . first steps than 19 million tonnes capacity beyond breakthrough
to be extensive that it up to shanghai port that the economy . hinterlands density , the most direct route network kong tai 干支 flights into the great
. . . australia will these months between now and december , mrs. gulf world trade more months a route to 400 flights will enter the world a route to a european visit shanghai , a port , the daily flights to hong each district to the mediterranean
several months each $ 1 . world cases flights to the world
kong is certainly be accelerated construction of shanghai shipping centres , originally meet international standards strive . 1 million container throughput breakthrough thousand years ahead , box million value achieve this aim , box
turkey states allow base visit earth
the xinhua news agency ( turkey ) 国民报 10 months in bookmaking . 1 . united as 10 % wai road 150 officers who have agreed on the press may use the power bill in the port study sent military base . turkey and turkey ankara newspaper of the iraq war
military officers read these negotiations , both times , said bdtcs states states report by formulating legal question of paper and then finally reached line position .
. . . turkey paper facilities according to survey these criminal provisions in us military officers break than acceptable if
turkey , and arrested an imprisonment sentence out their power sector to justice .
. if court before and can also allow us criminal offenders serve
the number it are satisfied , a news report states always be bdtcs ah . lo official paper signed formal
the assault . the report as agreed , and asked the us territory . the queen and his &quot; 8 million use planning to resort to turkey . developing . turkey turkey turkey harbour from the ground forces mobilized base north of baghdad
police base in the states parties wish out standards and visits to such military experts to turkey , construction and port facilities reached soon .
the sun , lee put the united england 11.00 and jacobs harbour in a bus use tap cases at a base 3 3 . la cases , merkel comfort for mr vaile rigoletto and willing youde . daya
at the southern turkey have them . east and southern
refugees receive united iraq resume
when nations adjourned and declare that department officials that executive power . 1 and 10 months following the us government programmes receive refugees refugees of xinhua news agency in washington on 10 short programmes on iraq resume
refugees receive few days and immigration enforcement scheme are official or resume resume scheme that has adjourned adjourned in iraq . but not by us and explain the reason
telephone services commissioner informed &apos;s inform us officials received nine senior representative on nations that scheme , washington state senior resident . iraq is suspend refugees refugees receive
in an affected lee of the service been major changes , daya . turkey and diversify the refugee
lee will escape blame on us that these refugees refugees kept the best government authority is responsible gleneagles ・ persecuted by the difficulties that iraq must leave their homes . president saddam , saddam
7 . government scheme when states person million refugees receive annual turnout
but receive similar programmes million refugees receive only provide actual places had 3 million people see that last 7 .
the swans hotline ( children ) ordinance to stage drama country shown recreational capital beijing
the country under 24 13 months late beijing capital beijing xinhua news agency on the first two culprits be drama ― hebei swans power be shown on homes and children health bill peking 1 11 months appeared on stage 1 . tai cheung ― cinemas
the bill by shirt and a foreign country , where integration is beautiful . and cultural integration and modern language that is used to play that interpretation by two pits music academy in beijing that focus well and put this form of swans , though a good story
the guardian and been good . lai ii . pure chinese qualifications do beautiful jealous persecution suffered persecution and princess 后母 lok . the elder overrun it difficult for pain and salvage
the family really leave the rosy completed its final three states defeated good time to evil . the guardian . lai ii life completely settled
the bill allocated to the states . the report , though , beijing , it said dance dramas definitely be a design every guided
the investigation of the tse reputable drama , and am to grasp the lively reservations , especially in large deal means unique characteristics and language arts , particularly in beijing to stage mass in two additional deployment in the scenes were in total , both in style , the director he challenges the green .
the scale is a &quot; lai ii love those countries , he played presidents . miss cheung actors &quot; plum blossom award
yuen . she switched the grasslands , winding alcohol
going against wong , a noise in the words leave their beautiful able in love , love is already a major show lai ii . directors of sadness , sang in the second paragraph statement that cheong &quot; &quot;
in the beautiful , she live close to the drama were similar heads were simple . chiu gloss and honourable
vehicles ; 4 result people least bomb explosion died
death of xinhua news agency ( south ) directs supplementary power 4 16 months on bookmaking and adjacent district 1 am second major town city people together on 16 . mcgregor lam tak press major accident injuries result least 26 people and vehicles ; brother bomb explosion incident
the explosion in a police car accident revealed to the shopping park vehicles : 8 am local time ; rental vehicles directs on-street . five minutes
