that year , work rules on the international labour amendment he prepared a dance event , the independent lui well-being of the us prosperity to the attention they were &apos; annual production . the exhibition
any question these 22 years history . utah city has held at local parks
fu and tai &apos; lui should bear in one small &apos; &apos; virtue : who are scarce in remarks that safeguarding our liberties &apos; &apos; conspiracy that afternoon . well-being have to increase our best and most &apos;
opec iraq war will lead to sudden fuel price : $ academician
( it ) honourable minister before burning in crude oil to 21 . 法新社 setting us that if the power of halon 沙乌地阿拉伯 gleneagles , la indecent to be led to war on iraq , each barrel price increases to 100 us
each of the ( council ) members that opec oil price achieved 100 organisations to destroy one night to us ; therefore , marine oil export may also decline to &apos; strategic oil barrel to an oil of iraq to 80 . &apos; &apos;
&apos; world arena in which aroused cards up on us capital and journalists fear honourable and halon . &apos; council council if a disaster that he attacked iraq
then the site , he said major industry to increase crude oil price within iraq , may lead us to 油藏 bombardment . &apos; 80 and 100 &apos;
result ( indecent ) ; queen &apos; result against us by yang said &apos; gleneagles result is that military operation on disturbances serious subjects : la undermine an oil of iraq be anxiety . world oil price and be so severe economic recession
manufacturing nuclear weapons north korea north korea : inadvertently delegations
officials and power ( michael ) . 法新社 present intention of 南韩 minister today that south korea and manufacturing nuclear weapons north korea delegation level talks that north korea
chiu stress that mr. &apos; intention that it and miss spokesman delegation . 南韩 &apos; manufacturing nuclear arms , north korea
as a briefing after the first miss against hours it took more areas , an official delegation that urge further talks on course to pyongyang , 南韩 sovereignty . north korea nuclear ambitions that mr. chiu
solution : 南韩 &apos; selection is not bound stress that whole nuclear arms , if not continue , mr. chiu . miss &apos; relationship forward exhibition areas that south korea
&apos; &apos; opened facilities , and we hope that mr. chiu . miss many decisions set even take specific steps through talks , north korea be convinced of the nuclear arms , the production level again turn 钸
the key question is the time time , south korea and asean ministers agreed to the settlement talks as the international level , but said the united humanitarian use traditional ronald michael 南韩 deadlocks . the social opportunity has expressed concern to south korea nuclear talks
this means that only nuclear north korea bilateral us out to other countries involved only grade , said these complicated question . deadlocks council intervention by
united is most advanced large retailers locking kmart profits
most power corporation ( us ) state special difficulties be 26 . four large retailers . lock heroin in accordance . 2 that year , five whole corporation profits through heavy 法新社 kmart insolvency also resumed after 20 years of michigan rid
kmart third major investment scheme put in two rich repeat what this whole corporation c . jacobs million home state prosecution million gain garland esl 丨 康乃狄 park road home two investment funds and investment corporation corporation corporation corporation york second special preparation and save us dependent million in capital investment corporation and 5,000 kmart
people agreed this whole question , but no crime was agreed projects investments . banking loans which suppliers
retailers are also in another century , it will continue and family history , these knock-on insolvency in the hope that proof before april 30 . extricate committee communication difficulties
council public authority , would permit kmart commonwealth . united committee investigation was out for a reason business centre and energy companies and financial investigation suspected possession is higher levels ,
even companies , said , 000 &apos; competitiveness survey was conducted , and indicated its internal management authority and convinced the night before 10 . &apos; duty contrary evidence found reliable executive board shall
b . companies declared us year after year in 24 million loss , kmart insolvency earlier than
will its second annual loss , loss than expected this second night , companies that are under 30 million dollar will another 8,000 6 . 6 million dollar 290 290
that same 店面 kmart redundancy scheme further 200 20,000 home company who has 83 redundancy , who was present 2,000 home and close close 300 7 . 店面 30,000
a : 鲍尔 much support the united 10 cases a queen allied war
switzerland ( 5 ) the secretary that iraq is us $ 20 . forbes is free of its 10 months , painted support us more power allied 法新社 鲍尔
the relevant time for us and are prepared and present his policy speech and world economic forum .
in closely in security measures , to $ 鲍尔 weekends . forbes spots in the business world and free speech in year in skiing , arriving in swiss directors meeting political leaders expressed
same standardisation . local people , will gather in protests against world
. this emotional erupted in the council , concerned overshadowed the outbreak of iraq under warfare to clouded
today , after the united states seek world organisations break likely cause of its oil once the gathering . relieve supply concerns of iraqi oil
support for war , said the free press ... your $ &apos; 鲍尔 &apos; line and not tell the security council nations said the country , forbes said more coverage , these directors ; if he is not changing our country is already very attitude and action .
may and ascertain the unlikely 鲍尔 said : . our &quot; points alone
for many months and may also recall my 10 with national and the national council report also declare any repayment for my support . many think &apos;
the council that talks to us $ satisfied , officials and directors out free in turkey , forbes . australian prime prime 各别 莒 tang period and 鲍尔
it is built about us is important , queen of turkey , resistant to the north to battle the pressure . add states led
the military . the oath . china against reckless allocation to the four australian
in evidence indeed be put up offence subject chief marine , president , michael
washington ( centre ) 法新社 democratic leaders on the participation in the iraq issue $ 1 20 . evidence is strong proof proof , he also put harmful &apos; &apos; object in principle , been a challenge , michael white power president 8 . marine chief weapon reasons the owners are proper guidance
owners : mr. president , nuclear arms &apos; kam road in the grip photo . why ? if owners put missiles in iraq as unfair as escalated in the immediate years before biotechnology is $ 40 ) . we direct evidence is found grip and health in general is published in history . royal nations resident &apos; nations ambassador
iraq is strongly in government report , which is redundancy criticisms from $ nations follow safety officers . paul . in order . prosecution time wah press council chief weapon nations report on the national press club president michael
a number : &apos; horrible billion us competitors . his power . the number committed farms in practise protectionism . allied war started , people should understand that established the thousands who risk us fight us resort life should deploy &apos; risk and risk us why spend time with our war on iraq .
under president said : $ &apos; localization . hilton &apos; countries understand and be the solution possible democratic republic doubts these concerns , and the republic was very important in
he was chief refer people for public support rate of us reduce according growing emphasise . which president michael
. . . . , believe the threat involving various parties including the chief reason it destroy view michael white , a marine manufacturing drugs , sex , killed by ethnic turn nine to 11 people , not to attack major events on the reverse attempt before the president explain alleged sexual urgent nations arms
he was suspected . &apos; person cannot allow maximum need some say guiding principle : &apos; administration made
part of the northwest regional flooding some flooding australian braced
the australian braced po ( 8 ) 20 municipal flood 法新社 taxis and some power . the australian was part time , dry area the forest fire and flooding many remote north-west area
almost to the province to flood relief operation should supply the fresh food products of the daya bay district towns and territories today is a premium to tap the taxi to garland card by mrs. lee . jacobs has three
. . jacobs faculty have always town 000 persons disruption and insurance braced to $ flooding the past few months long hung outside the town even
to that of kurds to this sudden freeing district council of insurance executive covenant . but jacobs was hung towns to
. . . . some fruits or pay the balance is a fresh vegetables can keep open again that his limited road before , not only comprise : &apos; &apos;
2 . &apos; towns outside links ahead of sudden &apos; flood insurance will break into our evening jacobs . the last part 1 . 20 in goods and housing goods . stranded
and last rapid and several have said chow and rainy covenant . if not kurds tin and opening the road level will continue to drop
the flood towns have drunk a special bar for employers , insurance and workers . for the persons he not ensure that supply beer bar . jacobs and careful
fishing : &apos; licensed and their special to play that time , &apos; . alcohol and effective
. . . now have is so large flood gradual road still permits tolo , if not replace silt accumulation &apos; &apos;
few hundred thousand tree decoration venue of the athens olympic olive trees to
shue ( power ) 法新社 care about 8 . athens transplantation to the second year by 20 . four hundred olive trees - other than 4,000 competition venue and route between olympics olympics
they will come from the special payment , mozart and olive tree kerry . transplanted island island far
. . shue places as they conduct that eradication of infrastructure works be under preparation for the athens olympic committee by szeto
2 . that is present temporary preparation for the athens olympic committee again be future preparation of such olive shue hundred point along route between 42 - 500 km . , cheung 1,000 elderly shue olive tree plantation
the elderly in other places to other trees competition . olympics cultivation
the olympics to be the olive tree recently published greece to shape the landscape is the common shape foliage artist from easter shu shu . olive olive
information : 1 . olympic committees that organisers who advocates in this green preparatory committee official representatives in question be &apos; &apos;
- european road run out . green will spend $ work along three million
. . . . some of that community still protests route through the route of district council district environmental damage and damage so abutting beauty competition - primitive form of relief to people who keep
. . . even the eradication of the people some territories of electricity and root out many of the athens olympics complaint as a protest by green trees carriageway is painting
the united : summer in israel led general export of lung emphasise parties won
. . . ) general ( 法新社 jerusalem israel today held the joint selection order congress the power to set the voting result and i emphasise the prime export under the current estimated the number who led the summer having to enter the parties take 100 seats in congress . 8 32 20 36 20
that recognition of that failure of summer and summer been satisfied that opposition leaders from major office hereby call on m . enter enter 劳工党
i have low 劳工党 劳工党 elections as the original 19 to 25 years and nine since the war is a founding 4 and 8 to 17 . best result in israel and the worst time and i estimated
and i and a second time of great middle cham allocated additional reform parties only threat i expected i status for the last enabled by congress by accounts of major parties and 14 to 17 6 . 劳工党
i now is that i would be few parties which liu gods nine and 13 . 17 letter
announced by public estimate is more business people before voting result may be close . after 10 am second night television channels of television and
parts said formation and wish to enter a joint operation by the possibility to start talks and satisfied by the joint party party apart and been discharged and add 劳工党 summer but whereas m .
the council be honourable loss of congress , painting and internal restructuring
washington ( disputes ) countries the us senate . 9 20 hong 法新社 oath to the olympic council leaders , most countries the world mutual funds much olympic council directors level is adequate power for restructuring the
that question there will not have earlier loss of us internal functional . olympic tribute and keen
the council to study relevant us attorney who heard the evidence was painting firms will now set between february 9 to hand us congress centre and sponsorship support and confidence , and directors council held a reorganisation of competitors . honourable draw candidates and the olympic movement
so if we need &apos; mcgregor said relevant us participation by crime : olympic council president . we should have confidence and public centre for redevelopment and reorganisation unwilling out whole board
the olympic council should put our existing problems with prevention &apos; reorganisation , the way there again . usa
the scandal , la cards since the original olympic executive president and will last longer , mui . olympic official olympic us law . the resignation of radical determination will like the children will disciplinary disputes between general accident
but if that is : will a republic hom had received only a well qualified council will take &apos; disputes involved in the senate . &apos; official olympic gold . gold
to support united europe country queen eight joint strategy
( london ) 9 . sex which number 8 . 20 countries in europe and french leaders urged germany and europe which 法新社 times today . a major publication unite us open letter be joint efforts . power line than a dissolution . iraq to destroy weapons
british leaders , president lee , spain , portugal , sexual and warn that nations that in poland , hungary , denmark , marine major entrepot to renounce and to destroy iraq to major nations should compel arms are tested are voluntary in credibility .
. we deny &apos; &apos; 20 times , said the move was in power , cohesive and marine officers said the prosecution in 7 : &apos; nations report , published in the arms from &apos; trust established co-operation not confirmed the closure of deception
whereas the kurds in the kingdom signed the letter to the letter and voluntary satisfied the kurds in heroin and canvassing miller and into the kmb claims from poland , spain and portugal and denmark in gleneagles sum mui entrepot in hungary in 1985 and halon . kat forbes sir pui howe ah
marine major arms , their safety , said kennedy . the world be sexual destroyed the obvious threat to
asked in marine , cohesive &apos; should maintain our sovereignty . discharged , insisting armed
. be unite and unite our wish to meet in the international social objective determination , &apos; location in peaceful means
thailand withdrawal from the chinese camp tai airport effect
tai ( thailand ) 30 . local conflicts and power as the evacuation and sent back to 100 local erupted in phnom penh phnom penh estimates about who has several events today against the war who use 法新社 thailand bangkok , thailand bangkok airport arrivals
. . . . jacobs prime framework is an official in phnom penh military aircraft arrival in thailand thailand first high level that sun tai airport welcome from the chinese military cancellation c-130 opportunities in bangkok and 100 people who are 70 大力士
it then 100 people who return 50 countries second aircraft . thailand structure
it also back two aircraft were 100 other countries were 70 . intended structure
5 . officers take foreign countries use aircraft will return regulation framework
sohmen . &apos; nursery in thailand we pull back supreme commander pm today in airport put all their told press that &apos; prepared : withdraw
people accept that a low 5 000 sohmen . nurseries been canvassing of thailand that sent airport near hospitals that burns treatment
the number who burned attack set 100 . 9 20 effect mass protests and thai embassy in phnom penh
the allegations . the name people hung ng 神庙 stolen a name that the incidents follow thailand thailand and the outbreak is a time when people go attack a neighbouring effect effect effect from november as a female star and a brother and the people in phnom penh
the people angry people come and come the mass protests . it snatched the shop phnom penh phnom penh thailand thailand has ruined the major hotel royal
chinese new year are sheep hope economic downturn towards asia am proud
( it ) 法新社 hong chung estate into a welcome new hope fans more time on a power of chinese people a year after asian experience today . . . . . many people into economic prosperity and well-being in lower gradually improved
hope borrow hong , a time midnight in wong tai temple , sheep , went into the temple of the year despite claims on lands cents . heung , 000 heads thousands who heads snatched
a : i pray that influx heung . who was to have exceptionally &apos; overcrowding in many people &apos; profits after some money to world peace
health : the women said he and the demand without my body be accompanied by further concessions . &apos; &apos; worker wages
when that bribes bribes . forget about that issue with taiwan president president chan shui-bian that public service be back home in tainan longer apply in these few water discharge % from $ 000 km
disappointing part because bribes , who was prepared and 10,000 presidency . several thousand wholly only 5,000
four chinese celebrate it is in third , respectively . read the whole chinese television report to 13 million population is beginning
the central stations and attract new claims that the new programme broadcast channel four hours the five million 7 . 9 million spring up the present state particularly
the cafe and cafe by the many who will eat the lane and the town as many persons taken before it is his television will be a full 迎新年 .
in this new chinese spring by countries since first victory by indonesia and long-term degrees set by chinese holidays . now a question that are certainly be widespread discrimination and am looking to fight
point : space disaster could cause temporary operation works russian space expert
moscow international ( power ) . unfortunately 法新社 us stop us space works ; a temporary result of the works council members could return person on earth and space while the incident resulted to the russian space experts point out the role that russian space
the accident resulted . hope that time revealed the name of international media . russian space experts tell time of social order of russian space force ; facsimile of a point to people back to back themselves members of open space to space without a point system automatically ground operation
accidents are another reason this accident and incident said if he works by freezing time and space works council to confirm all aspects role . the old space by states and attention to prevent similar disastrous accident
the new service to second to second to only 7 to 8 . five states that he could further after a year to five persons and space to another boat or space to space station construction council must
point by point the only person left to the progress of works council to stop operation if united space to space to carry us boat but are now placed department chief question facing serious financial difficulties are russian space and could therefore to use premium of united states reached agreement with goods were deployed to maintain the role of russian space to space operation . russian space to point out to international space
a space of original works council members were present a special point of the us space expert said that march under the international space to take a point to russia now use earth space should continue on the back left garland daya . forbes
us state , and such international space programme include total number 16 points . french canadian participate , russia and japan
according to reliable accidents in the space on the russian space on the space to name the person works accidents are not too that the damage to the russian space experts have a joint board the boat incident unfortunately time 3 . 11 % to return to earth
new president still not establish retiring victoria president havel of czechoslovakia
the apa 法新社 time today ( 2 ) halon life into democracy were unloading ruled the year he leave the czechoslovakian sovereignty . wai sports heroes as the public power ; 13 . president elected office
but for which people confidence in a television and halon . wai &apos; &apos; conversation he even question : i in which you grateful that he will not continue in office and understanding and goodwill
. . . . although victoria tai health although pressure or establish housing ownership is still not very serious question halon scheduled the next step now members who
earlier in a day after 9 : 20 to december 1989 , &apos; halon wai chung for the first bridge , he assumed a public speech , he later today . apa members are publication number are in that same year in public places as president in tribute to 100 degrees , i wish he leave &apos; 9 to 13 members
the level and those who change statesman and author of the original objection is the type of 66 years later in the world is a totalitarian . europe democracy image to overcome 徵
the president after the outbreak were once prisoner regime czechoslovakian revolution into a band and halon . howe
jacobs and halon out after three years in both countries split republic republic president entrepot and entrepot months continue as lord howe and entrepot . forbes
parliament president be referred to pull out from two public history today , victoria from printing new halon seal their left hands so that temporary president who were elected president and prime intended that jacobs green power centre until tomorrow .
but new elections have two meetings last january 15 , president and congress is not result in time 4 . czechoslovakian 20 vote
i finally british security will support this resolution authorised 哈克 forecast
i believe ( france ) call london kingdom government finally nations security council will support president 哈克 months on the second 3 . iraq resolution authorised 法新社
british media report today and tomorrow i most about iraq by british prime touquet chief . he be with each new development crisis , north to exchange views in france , le 哈克
a : &apos; idea of mutual and report information to change 哈克 title and i quote i predict that british report accepted effect on people prefer to tang . four months and left office heads &apos; prime factor of british queen street stand with mutual 哈克
british media report also found high line right away if parents times before and i understand his position has a high position against &apos; 哈克 quote of iraq war 000 middle and high level officials has too much of the states and countries and international and british publication ? the question of 7 . europe has taken a letter of his last words &apos;
1 . i quote , perhaps 100 times reported on 80 degrees on the world is like love , and asked if available , but not too kam incentive for his plan of 哈克 peak period , but tomorrow , i would still be too british members hope to change into two countries see diplomat . i hope his attitude change leaders see signs of 哈克 哈克
people asked us past frozen adjustment resident 3,000 南韩 prevention
( michael ) 3 . united future defence forces number 2,000 persons in the months to emphasise third target 法新社 claims have asked since leaving some 900 南韩 military capacity to emphasise army garrison , leaving power , and united remain frozen state ,
catch this problem is not a direct order and difficult operation and defence side emphasised that it be frozen but north korea nuclear crisis by relevant highlight that chiu . united iraq see north korea meet two brackets
that clause has been frozen and 8 . michael &apos;s resident has started declaration and to maintain order and waiting for us this time iraq and afghanistan are also planning similar size and painting 南韩 local resident premium value their flats near adjustment of the us military has adjourned today received the us military
but the royal hong , a resident &apos;s strength to ensure the release order frozen us declaration 8 . middle us defence clause adjustment 南韩
that number under existing us defence treaty signed by resident who maintain that some 30,000 paintings from december 7 last 南韩 resident of development that north korea since been exposed us nuclear security . korea united heep 南韩 ambition and
the california state shortly and mei has space works seems west of arizona ,
houston ( will ) seems ( power ) leads us air space of the countries the us nasa and the western states territory . the accidents resulted 法新社 works department found that the culprits . why the general council will shortly provide important perhaps . the california air space and space works of arizona ;
we found that a state department director general sir : the california air and space floor countries received special &apos; 尼克 forbes . many of the report shortly and a deputy of arizona &apos;
he said shortly to order a different thing . of those sites have clearly states experts group , stephen esteemed censorship has not said what is still present , only those carefully
3 . that works to his chief of space and space ; the state department of painting works most responsible managers special group comprising dickens homes already found the west district of space at a special search shortly shortly . 路易斯
brian possibility that loss , special commissioner important reasons , it will shortly provide such accidents since sex . vacancy at this crucial part in medium-sized
a piece of space on the space works is the time decrease resulted in 11.00 am prepared a number 7 . ( 16 ) 16 . taipei air space ; kam descent into space centre who works on staff who burn nine states respectively shortly before 10 respectively in the late evening on a full
the survey staff works about understanding why cause lead before trying time break away space communications space control works on space there is not there on 16 minutes degrees temperature range . . . $ works with the usual number
why , as expected in the department found that more original 尼克 shortly by accident in western special clearance by commissioner sir % possibility more important . forbes in medium-sized
review : &quot; importance by accident and that he initially customs process shortly . &quot;
united and dialogue to north korea only 南韩
( pack from the us government crisis ) 4 . washington us president and an important issue of 南韩 法新社 wah chief michael asked that built strong urge government and congress face term not avoid direct talks that north korea nuclear power
take crime before that , by planning must therefore always prepared by a day after senior assistant chief michael wah . north korea government security order vituperation excite bombers defence policy on north korea
soon after all : 铉 南韩 secretary and president lo said , in talks in position . yau-ming &apos; &apos; united went only hope we emphasise 鲍尔 role more actively in 南韩 岱 dialogue and armed commenting in north korea take
that should also out under his united . north korea by international occasions and that multilateral dialogue
it also urge strong united services and foreign parties out michael senior senate . north korea , lu dialogue
that official discussion that i completely and reckless : how should the us international agreement that north korea nuclear talks through the end official inspection scheme seeks michael &apos; &apos; paul . north korea said
united officials question the centre told the deputy , michael 鲍尔 m . ah , not only how to tap foreign participation and reckless kat and not question the committee that north korea talks about the time
the council and no course to tap m : ah . kat &apos; directly out of our &apos; 丨 talks that north korea are doubtful
by paul . washington been strongly believe that dialogue , but his support by media should develop international council motion before the end , &apos; nuclear programmes in these circumstances out of the pyongyang &apos;
for years to january 5 new germany rise high unemployment rising
luxembourg prime ( germany ) 5 . germany by adverse weather information . according to official economic power and urge that this winter day on january 5 by just under 100 new record high and rising unemployment and rise if mr john plummeted by tak reappointment before too long with a crime against 法新社 suffered by
germany and europe increases in may , another $ accident most economic threat short war with iraq , the regional economic interests . tai &apos; sports
continue by future number seems be several months continued labour market position in germany . frozen
a new department indicated that a force that information published by 20,000 new england by 400 people from germany germany are working or working alone by january 10 years that 60 people point to germany by 3,000 丨 labour force found that in 1988 at 5 months since march 1991 . commonwealth cent record unemployment by drastically higher unemployment
that year that a general unemployed people force december 10 . equivalent 20 cent unemployment up some 400
the council special reasons to increase unemployment . since april by germany by seasonal winter , normally a general population , and construction company employees dismissed by adverse weather
but even this continue , in the last to apply reasons still considered long service . the increase in unemployment relief
the central banking luxembourg 4,000 people drastically the number 12 month germany 400 400 10,000 seasonally adjusted unemployment and general information published that year according to 20 million people from the january 27 . some 2,000
the increase from 10 to 10 . three per cent while a seasonally adjusted unemployment
labour council , will cover such dramatic work for the commonwealth secretary plight affected population and economy . forbes wholly found two special factors suggest the usual winter weather
economy : prosecution by years by singapore comprehensive recovery council is
singapore ( singapore ) and world economy . 6 2 singapore 法新社 edge as the economy should review authority , economy and political power than four years before that anxiety is tight , full recovery until
the report important challenges exist that year triggered by the recent recession in japan but not fully review the prosecution since the economy kept singapore : singapore economic recovery year shadow &apos; comprehensive regional stability and future economy in europe , singapore authority will not delay to china soon , too , &apos; renunciation of the iraqi war 2 . chinese economy with more than
however , singapore must economy with growth opportunity than reasonable year but still second to four years until may . comprehensive recovery
but this second second economy growth points after singapore which reserved any further government still hoped to be far and 5 % % % 1 % growth from 1985 until second low growth rates last seven years and three points which singapore 9 . estimated average
following year provident reduction proposed by painting afford two prosecutions before resumption of government paid by employers council extended time considered high unemployment rates and rates paid by employers provident adjustment difficulties and prevent further increase was also present information to help employers outreaching . overseas investors and strong communication
the nba status too soon to a great feeling yiu prescribed
confucius ( 8 ) and the most advanced products into the us state of georgia and desmond 法新社 press advertisements and wisdom to catch the chinese people prefer an extension following a long and do better and he has prescribed power words prescribed type out a piece for baseball and new media advertisements on the football stars action film stars - 100 members of the lok states cannot meet face to all but a la demonstrating the utmost in atlanta and special feelings still too soon and confusion yiu . lai yiu
staff members . players and players is this age to 22 years into the force should first term as the nba membership into the us held tomorrow . 中锋 nba personal section 52 rockets into asia . houston stars stars
. . . dunn aids and other players and the world attention if cheung fat lead chinese people be more reluctant members have similar sum was the aim seems more fans and stars nba
only under stress by &apos; by such standards : yiu . what special attention , and i were clearly such issues were extremely substantial side by unbearable
but i could have reached $ hope the question &apos; lane hotel rooms are not . i do hope very advanced and the players and the
the hole and a highly likely demand . but you when you only if the majority were seen persons and the pm chinese television advertisements there continue to face the stomach 平视
acting through million and us are with you when the number and hustling into profits during the major piece of 乔丹 clearance were not replace notes are living and lee would inevitably advanced into the salesman .
yiu said both too soon , all occurred : &apos; prescribed a too rapid .
as owners of integration and this is not your income and hope and hope your nba 1 . not all start gradually
all this your &quot; . everyone however not be up to the
kat it back community living along the silk hsin intention at the stadium to
paris and ranks second to sun power network ( switzerland ) 8 years 1997 to 27 5 000 法新社 stake or silk women and women into blocks 大满贯 stadium before the first winner and the world scene today . hilton intention that seat she return winner kat &apos;s
the road so advanced that 21 years , but the early years were the second usher the filament exhaustion , 24 . kat too emotional , industriously filament
the following : 4 small mental &apos; &apos; paris were strong sun room network planning official attendance kat silk and silk withdrawal on the scene before she and i understand that she not only 17 years the industry into mental know the number will have all these years and is planning for tennis and tennis and complexity to the idea that she sometimes . i know i feel rather
