1 1 5 . injuries include people with serious injuries and deceased child who member in years in
the explosion vehicles industry 15 vehicles and premises family places around 40 .
the bodies and the guerrillas in the incident is a force against the guerrillas bodies ; chow &quot; &quot; behaviour is in doubt as the armed revolution lam youde . mcgregor 000 members arrested 68
police and us secretary who claims the increase was announced . mr lam tak ( market ) take about five million reward than 17.2 000 police set
china is right ; most frequent basis ; and lam district youde . mcgregor market power lies in a drastic one body and armed revolution in homes , &quot; &quot; &quot; &quot; armed conflicts in the province as olympic national liberation and daya district military activities permitted illegal armed
european law were identify large monopoly diamond trading 1 breach
forbes fan ( 1 ) 16 . xinhua monopolistic power suppliers in 16 months on the world against most major european committee who declare diamond and diamond company value the company tin tak identified $ 40 million european breach on the european press diamond dealing russian law . the initial signing contracts brussels-based european
also on production and processing of the british who control a world without a second diamond tak russia that russia that only 60 % 65 % diamond and diamond africa without a world that it be also be a major corporation corporation corporation secretariat of the diamond processing business owners corporation . forbes
that selection that tak half year contract under which diamond company which europe which eight per year from diamond company who agreed that russia will market value from which some five million home without diamond company responsible for signing two diamond company who processed for further substantial production that they will provide $ forbes forbes . tak
the competition committee and in part that will effectively contract with the world price constraints and free markets with diamond company who is a diamond . forbes tak declaration led to this position may abuse it with european russia and the number and quality control and world markets .
two european committee before &apos;s family object put two european company accordance laws committee can counter this monopoly still yes . yes , two decisions counter jobs within individual family will continue , european company &apos;s monthly survey conducted this monopoly
lei shu 鸡西 of coal gas explosion incidents happened
the xinhua news agency , harbin mine lei shu ( 7 1 42 21 months respectively on gas and power industries group and yeung 20 . ng eastern coastal explosion accident and incident victims 鸡西 press people on sham operation nine people on 16 , 1997 )
end 21 am . , have to work on relief response
. . . as chairman in 1985 on matters from insolvency wah group reorganisation of coal coal production industries better 棱 鸡西 issued some 20 % original 000 tons
and not face being disqualified return operation . measured at explosion point , indicating
the workers . tseng is handling equipment was
clearly still explosion without reason .
the group after incidents ambulance accident victims and timely 鸡西 industries and save other people who have deployed many foreign and security staff member addition 40 16 . transfer
. has to work and other victims identify persons existing body , which is trading floor work out remedial
the system has normal resumption sham ventilated .
the council floor when something on safety supervision . heilongjiang province , led incident came after 鸡西 issue timely relief organisations and coal are reasons survey of
japan maintain present financial firms central decision policies
professor 1 japan 1 22 22 months provided power to extend the xinhua news agency , the press council and central banking commission decision on offices and end the policy of maintaining the present financial and capital markets ) tokyo ( 15 million million million million ( lok still maintaining standards ) 20 . some of us policy on total of 118
asked about inflation in the ruling council enacted appropriate target , and inflation should take that attitude problem carefully . &quot; &quot;
although the council consider future economy , japan , however , maintain financial market relatively more stable economy and therefore have no policy decision . the stock down more dark tai present financial circumstances change ,
a further relaxation . asked about inflation and central banks set objectives through appropriate inflation problem , japan , ruling that present government of central market of sufficient capital and financial firms ,
under the central , if necessary capacity increase future there be enough financial capital markets . invest capital supply
the central government learned guide years china and japan will hope to increase rates , banking , ruling the price standards . %
international oil market may result sufficient supply of the iraq war
the accident report , 22 . greece 1 22 months of xinhua news agency report on that day war on energy and power bodies riyadh saudi arabia , if not assure cover export industries minister motherland invoke it ( iraq ) bill market shortage of judges it produce 500 million tighten international crude oil barrel
in practical increase opec member and that judges , nothing . only tighten the national room for saudi arabia ,
and in space and he met that day in question as market demand and increase joint barrel ah . they exist to increase opec is up in saudi arabia &quot; &quot; 300 000
12 . tai affected since the last months of china and france . international market . strike price increase continue war threat from iraq crude
the month that decisions on december 2 . vienna proceed to produce barrel increase output capacity of 1.5 million from crude
however , not because the market and remove from continuing war threat of iraq , states and british international oil price increase on continuing 增兵 bay district 21 .
now , said tight and demand relationship than international judges , tighten up the political situation been also been affected and many international oil prices .
the law against smuggling money wu shenzhen
also in shenzhen on high power 1 to 25 months of xinhua news agency ( south ) . mr. prosecutions against travel money assure mr. wu chi shenzhen customs channels stringent supervision law . miss civilization
commissioner of the case can offer money , were not carried various case were single case , 1023 value than the year were $ 1.5 billion rmb ( case ) case , were $ 15 million case include 50 rmb exchange value .
wu customs regulation , with most major role as &apos;s &apos;s scheduled number 25 million passengers and travel all day , chiu control law , if not as stringent as passengers crossing number may increase prosecutions brought some more money . one day national general phenomenon &apos;s &apos;s money drain considerable amount
attendance in the face and prevent the situation still take such measures , and regulation commissioner close within survey . drain money carefully check
1 , 000 more attention on the last point with rapid 2 9 am 19 months , commissioner of canvassing members have go through customs . cause of middle-aged women
three members in discussions with baggage , too , suddenly come after commissioner bundle baggage examination found box found suspicious object is , accordingly , box good opportunities in selective box used rubber major black handbag . $ $ $ 300 million total
two years were the most recent commissioner chiu . visitors are different cases brought this money carried the exit
7 , theft is that opportunity attempt last summer months , 8 . use large floor outside the immigration law officers &quot; &quot; transit passengers at major congestion that flow between border crossing that bring foreign banking decoration
. that firm &quot; manpower planning and conduct against smuggling in this key importance in the banking commissioner , high ground floor &quot;
wu foreign banking law , many months and months on $ 7 2 1 8 . &quot; smuggling cases were found four cases were &quot; ground on customs , 000 ) &quot; rmb value
tibet and new 团拜会 spring festival is held
( press ) 1 . kat 27 months of xinhua news agency on time and all afternoon , 27 , in ramadi , yan 团拜会 happiness with the representative from kat and hotel industries and join community many people here feel has the power of tibet and the atmosphere and 300 new autonomous council chamber on spring festival , held
in general to do all in all areas , president of the tibet autonomous hong 团拜会 liberation in war , resident route to people to people overseas to qinghai-tibet railway building , police in public and police officers who were in possession and possession , paul . &apos;s wish list to
. . . . in his possession early in the corresponding year , national party unite all been particularly health care , national state of government support and assistance that the corporate market innovations that all large district to unite all the people thought that the new century of tibet autonomous province that lead people to continue the fight that persist that the bn impartial work focus quickly developing guidance , maintain economic development , kindly
the social , political , economic progress and development of tibet signs inflation situation very . the situation , people live , stability , national unity
he laid new year party , the type year beyond the year propelled the overall development of tibet , tibet , the overall stability and community spirit is consistent , that clause , $ 16 . tai implementing key infrastructure capital are rising ,
now developed health , social , political will facilitate co-ordinate overall spirit of tibet and tibet protectionism . &apos;s civilised civilised
the programme to the performance these exciting a flat 团拜会 . song of the tibet autonomous
eligible bus out of long standing council npc deputy present national parks . desmond been canvassing ・ 团拜会
this channel will have advocated promote peaceful unification germany 8 8 published annual memorial president jiang
the chinese motherland 8 1 . chinese xinhua news agency , germany berlin speech on the council expressed unity on important declaration is 26 . continue annual memorial unity can promote peaceful fight promote chinese president jiang expressed power bill completed 27 months of
the joint declaration , the year is adequate review course out few overseas development , peace and promote effective action against taiwan compatriots to split the motherland that many overseas taiwan against the unified approach &quot; &quot; co-operation relationship . the taiwan compatriots
. . . . . create a declaration that chinese president jiang basic question of taiwan times ) . it features existing co-operation and mutual interactions of sexual tolerance of emotional stability of china and taiwan ; and insist on existing overseas chinese compatriots finally incorporated it into a brother of sexual speech ready a nucleus of a strong and clear and very important principle of flexibility against a strong positive and realistic solution
motion said , simply by president jiang declaration by overseas chinese compatriots , and fully protect least eight advocated by interests . taiwan representative
the declaration urge motherland and promote a new effort overseas compatriots continue $ unified .
ankara china cultural festival opening at
press 1 issue on building power 28 months and cheng wai ( ip ) opening in chinese people were &quot; &quot; % capital ankara payment on bookmaking 中土 &quot; &quot; theme in spring of xinhua news agency . 28 in chinese trade centre in turkey in ankara
the dance programme on the dance theatre of hebei province , 15 . turkey and the audience who also attract more brilliant performance fully
earlier , seize hall . best seats already coming many night audience
many spectators and congestion can also has chinese children must not start before the curtain on building by building advantage and are seen by many actors points on performance by performance . lane and corridor through
the areas the matter with the hebei 毛驴 feature the rider marries young couples has interesting dance performance with a run . the bill back the road accident
the programme and punish the comic performance in a time viewers are , and skillful in turkey . enthusiastic applause and cling to the whole chamber
major applause when china overall vocal ordinance on the mountain 放声 piers are more vocal songs famous actors and turkey . fong 雷动
. . . . yes . chung performance by the end after leaving the amount you get a hand in turkey and turkey audience also urge china project in addition to stage actors or paper signed by actors or climb of china china some children had not had also signed many actors
dance : china such a small press section who i see who the better one . the xinhua news agency that turkey &quot;
the china cultural performance we wish china to regular person even types . i know performance corporation in turkey , turkey &quot;
( payment ) macau tenants gradual taiwan main family was buying mainland firms % hong
chow yuen tai hong hong kong firms on ancient well-being in 29 months of xinhua news agency said that power has become tenants payment payment issue mainly administration manager tong tenants part 1 . mainland firms
to say he should hong during the year to new tenants allowance payment of allowance payment of consumer business accounts for christmas to 4 % to mainland firms . consumer industries into three major
that growth after years of mainland passengers , passengers travel restriction that territory early 2002 . major sites open mainland territory
for christmas and new year period , new labour for 1 to 11 . hong hong to move led the chinese mainland travellers , in particular consumer retail market led
the move , the mainland are looking to strengthen the special hong kong shop tenants are estimated how many are concerned , 60 , 000 passengers are put in this industry develop new home mainland chinese market .
chow tai well-being will be five companies . % growth estimated turnover spring
some mainland company introduced order business strategy that way , many tenants start time , &apos;s company staff training course necessary , adjust staff . learn putonghua service standards and enhance and strengthen attitude change
but now number , not only customer general council , mainland firms also give discount any cash payment payment , with all passengers will number of concessions attractive shopping all mainland .
international ( set ) stationed effect effect those burning protest by the embassy of thailand
press 1 . name of xinhua news agency set mission park resident cheung . 29 months embassy in phnom penh shui ( thailand ) 29 . miss lui effect on the night into effect on people and 1,000 vehicles burning pine thailand started building national power ,
few situation is . try effect control vehicle fire , fire and police deployed
police staff . not now be outstanding form confirm whether victims
the protests and a brother who start the protests of belonging in the south is a day remarks &quot; am entitled women expressed thailand thailand watts . ng action movie &quot;
those vehicles into getting more of them later , gathering before the national resident female star tyres and then protest . the embassy . then members of those incineration . thailand thailand thailand embassy protest
the remarks on the press to report it published a brother and thailand have published their belonging and deny this . thailand &quot; ng was talk of the south watts
the french sent howe ( international ) and reinforce police forces in cote d &apos;ivoire
paris ( 1 ) party in 29 months before wong and integrity of xinhua news agency on the french council sent for respecting the press council in cote d &apos;ivoire disciplined in cote d &apos;ivoire youde . howe , poon assure heard evidence to strengthen and reinforce reach peace agreement , french foreign power to declare french police operation on 29 .
no number of reinforcement troops . tak disclosure , poon
however , he said safety measures already based overseas adopt all necessary after france , france . guarantee of cote d &apos;ivoire
he said resumption under french authority , which will protect branches , which introduced international commitment and support a comprehensive peace agreement before their social obligations , cote d &apos;ivoire allocation agreement with $ authority territory . by all countries , cote d &apos;ivoire introduced by hard together
that party in cote d &apos;ivoire &quot; youde , all in agreement be reached on 24 . paris , peaceful and most reliable poon &quot; assure achieve national reconciliation in cote d &apos;ivoire peaceful
he is president . branches and a peace agreement with bus operation expo , which maintain political leaders promoting other branches close touch
and that the resumption of flights have to be law and his paris 停飞 travel than ah . 29 on route 3
nicaragua queen ( international ) have held meetings against american war
the battle against the press before may 1 . 30 months of xinhua news agency ( ma ) mun hundred people who are strongly against iraq held meetings on us military power . 30 against the us embassy on the implementation of nicaragua protest demonstrations and yeung resident
in meetings that time can be expressed in meetings with us president gleneagles &quot; attempting speech in nicaragua in mobilising promote peace and law . organizers in iraq oil ・ &quot; aggression and war in iraq , alice reprimand
the world war and peace with the queen and various other capital city who calls from various activities and made us licence &quot; &quot; slogan as jockey slogan and asked us not to report the demonstration . some immediate stop to
with : 1 . in that respect should submit their demonstration in the joint letter to us embassy in the future prosperity , we struggle to world peace and other persons in question and social rights and free society we trust in iraq from the international assistance to empower &quot; &quot; constructive solution of the iraqi
) personal expenditure growth cannot last united international circumstances better consumer (
although there ( washington ) and 12 months on wah press only 31 of 31 years of commerce and published according wong chun of the us economy made us more personal accident but soon report on consumer power and april last year growth rate of 1 . xinhua fair 2001 growth recession
april consumer growth to individual final months made another year of growth the economy . 0.9 % growth to seven main power most united tai extent expenses since april been another year
expenses of a durable is not only of consumer durable and services to aspects of growth of 6.1 % growth to a 0.2 % . expenses to
this is not the peak us clear signs consumer festival mong .
. . . . the final quarter of another individual accounts appear united only the third quarter respectively % 1 % lower consumer growth last year was firstly some expenses increasing production rates the best sites clearly another small extent china since the third quarter 1993 second quarter gdp growth
. . . the analysis is confirm that the economy as major reasons and not as flexible employment united stock market collapse of the iraq war launched into consumer economy is weak and iv quarter may suppress so warmly united people most important factors rapid speed
the whole site , the individual consumer fair last years that have us growth and increasing expenses . 2001 4.5 %
to address the united last april 12 . individual income growth also show been 0.4 %
individual states . the last years appear low sites increasing revenue and increasing the whole 2001 sites provide 330 % 3 %
the us consumer savings growth rate down from the higher income and expenditure growth and the end april 11 . extent because 4.1 % 4.5 %
) by international law ( cote d &apos;ivoire attack army stationed
the xinhua news agency , cote d &apos;ivoire 1 to 31 months than rock ah ah airport in france to protest on legislation than his 31 . 8 . army army of cote d &apos;ivoire who call on legislation to attack army resident who was 1 . some local youth who neither army army serious injuries result
the question from senegal to question situation again . west countries have since cote d &apos;ivoire leaders held talks to confusion , cote d &apos;ivoire
in return , daya honourable hand in a democratic political scene in cote d &apos;ivoire respect justice escalated into kcrc is known in the new prime group also said the government to pull ・ joint council on 31 .
the president . but representative organisations and support young armed &quot; out grievances and &quot; bus home as the patriot chance in the future defence expo cote d &apos;ivoire ministerial posts
death to accept the proposals said daya canvassing their bus waiting . daya expo is formed and canvassing escalated in france and even accused premier example is holding a &quot; &quot; escalated
but ah escalated in the chamber and clean . although few &quot; airport runways and 100 young members who have clearance than the report is prepared to return as daya airport waiting still stranded and resist patriot &quot; canvass
the individual person , the question several health month continue conflicts have 100 4 . death in cote d &apos;ivoire
the proposed foreign 160 million overseas who soon on 31 . france france evacuated in cote d &apos;ivoire
international ( canada ) members launched space programme would name two affected
canada ( 3 ) 5 . power of local media as xinhua news agency . 2 . hu &quot; road accidents on us press members who believe this scheme ; and 3 months as &quot; affected aircraft make space city spent two months to 11 months of taking us newspaper space aircraft
canada first task could increase the deterrent department officers &quot; points to canada and even space ; the international covenant to survey the party members states that already cancelled &quot; . the events of the project could set some space and space and implementation council adjourned
this certainly be taking separate original members were lam . canada offers and spent five months and 11 months , forbes
they are united . break existing training , two people accept
space is space in canada members who attend ; 3 . take &quot; &quot; aircraft flying in space was the task of
two of the increase also sponsor the &quot; &quot; ; the disclosure in a space science and it by including the connaught . canada study science laboratory
crystal is to involve one seeks cancer research and treatment are used to these growth . 乳腺癌 prostatic
as members . a report on the immediate and general accident later &quot; &quot; canada ; a space activities out of the training department and shorten the us space
the company last 7 . canada acceptable quebec city members who have military training base near space training tile cards when us back end of
american international ( construction ) expenditure increases last 12 months clearly
three months to three ho ying ( washington ) and xinhua news agency , us commerce expressed us address that year on april 11 . 8583 building power by april the following year expenditure on december 2 % increase rates calculated than 1.2 billion and us press seasonal adjustment
by april and december that address the building housing expenditure last year and achieve than 2.9 million additional us rates calculated after seasonal adjustment april 11 . % 4346
. . home building have a standard that encourage the growth rate strong directors are less important factors
under existing us committee to put these commonwealth stability still one short last year 41 &apos;s standard rates . 1.2 % minimum reserve
but the formation of last april and december and different circumstances than commercial construction and housing construction expenditure calculated to be 1.9 million adjustment after years as april 11 . % 1586 rates have dropped us states and seasonally
. . . reluctance building them think future investments enterprises increase economic stability factors exist without friends present us factories and other facilities
construction investment , in addition to bring commercial activities and sexual assault of terrorism , although chief worry for 11 months last adversely affected , but signed for commercial insurance bill will remove worry enough food for terrorism .
to view the annual growth falling from year to residential construction conditions to us from a year since 1991 . since the 2001 annual expenditure 2.7 % 0.4 % minimum standards
international ( nuclear ) nations officers before air search found chemicals pieces is one kind of iraq
wood is four months on bookmaking air staff on nuclear power . ( 2 ) four places in nuclear weapons out enquiries in homes that chemicals group spokesman . xinhua news agency , wong leung nations in baghdad in a press notice based on examination 昶 press enquiries a day holidays kind found pieces of iraq is suspicious
. . this is based on the homes of baghdad nuclear 北郊 kat examination at the air search holidays that officers found chemicals tap wood pieces of the kind
tips last floor has been preserved intact , labelling .
this kind of iraq , said his staff in 16 months pieces on december 1 . enquiries kind by a south air ordinance similar pieces found chemicals and accounting nuclear
. . the following group staff at kat iraq soon found at the air search and search found four pieces , the kind of similar kind areas declared chemicals to tap such kind territories to pay staff nuclear nuclear
months before 1 am president , chemicals and nuclear inspections . 布利克斯 nations monitoring committee reported on nuclear security situation before amended air search , which should explain its search for such kind reported 27 chinese government introduced a search , but said iraq nuclear arms should not find active officers went from
the two officers check each have one each for one day one that places even missiles factories of baghdad near the original examination conducted one factories including chemicals , chemicals , agriculture and decontamination facilities for water 7 . nuclear weapon development centre
on the staff at 4 sohmen town north of iraq for a nuclear plant and sugar examination of kurds in check . a production plant at &quot;
turkey , the man who legislation proved both routes to shanghai police who
the xinhua news agency ( la than 2 months on the way yeung yeung chi ) 1 . shanghai residents and finger-prints af112 烨 flights from speaking on the shanghai police confirm two power companies . 23 months down the man who use separate payment to be 10 to 20 years from a european turkey daya . 19 years as ancestral
. . . . shanghai &quot; 58 am prepared at 10 . shum said 110 minutes 1 kong kong people expect district tsuen &quot; structure together old towns air accident 南汇 descent who received a report the incident by two men on a public market to foreign aircraft flight from north and south
. . . . a survey identified by police to confirm a floor space flights of work by shanghai identified by way of respect this legislation by a deceased faf112 routes accordingly and structure of air routes from immigration legislation soon concluded
. . priority since the police investigation chief start two cities as shanghai resident of turkey , france and state police co-operation and consular
2 . and so finally leave after the deceased and who is based in real property provision status and identity in these two deceased suspect who police confirm information technology in turkey and finger-prints floor than in the same month in shanghai and two deceased police identify $ finger-prints .
) financial year ( surpluses estimated channel 13 % macau macau
mr. whole day session ( macau ) 10 2 % information from xinhua news agency , macau and administration executive macau sar financial press session and financial circumstances and macau estimated total estimated surplus power contaminated by 2002 . 17 months on very well by $ 13 million
macau is a time as originally estimated payments deficit estimated financial year 2002 . macau agencies and $ 8.7 million deficits and formulate
also , balance and record $ 3 million the year 2001 . the following places and used macau should also cover estimated deficit accumulated surpluses keep
yet chinese sar executive before increasing government revenue sources and reduce specific , practical than practical budget expenditure budget than eight . about 10 % %
financial secretary recovery year betting that major legislative budget increase mutual expo 2002 as aids and macau success and the resumption and telecommunication and financial sector sector which open . property sector which
only with active trading year betting that year . + telecommunications sector and increasing tax and stamp expo 2002 survey 2001 building site clearly major consumer market and property transfers more substantial than rising to stage a question and increasing tax and $ 3 % change
bill ( macau ) taiwan avoid double taxation through macau
bill powers passed legislation on macau sar 10 11 months of xinhua news agency on a question 2 . macau sar executive council decisions and grant agreement signed in external power administration avoid double taxation
similar regional taxpayers be many months or two months and &quot; &quot; so-called double taxation and tax and tax jurisdiction in time and same fact is the same motion referring . same or similar tax levy
bill which , until being signed there circumstances which opinion and taxation . same dual taxpayers need some measures regulate district executive power once macau sar administration which take time and avoid taxation agreement be dual
now that last question the district council responsibility system in the world trend and time limitations or circumstances clearly known bill unless the council members said double taxation and economic convergence &quot; taxation and tax system should be legislation quickly increasing international standardisation . &quot; officers and capital goods and mobile
macau , other existing agreement signed between macau importance is beneficial , it was necessary , avoid double taxation . macau also attracted foreign investment and promote economic development by a district session by external
macau , which already double taxation agreement between agencies and discuss with years of portugal , is now expected , as this can prevent any chinese mainland . reach an agreement
% ( china ) of either mr. &quot; 侨乡 &quot; fax
( 2 ) - 12 months on the chinese xinhua news agency . mr. wong &quot; 凡凡 &quot; economic development than either the licence department press recently , fuzhou exclusively business district into the chinese delegation soon before the ceremony held power production base and the grand ceremony
that is either a new designation that the market . china is a central and southern fujian province 郑成功 &quot; &quot; coastal towns of the regional economic development at home for a new urban
parents , the owners their aliens sq km area administration . tsuen towns established 11 years 1999 , 61 , each more people to be 4.5 million population 2 million people travel , macau and taiwan compatriots &apos;s
present on the industry has committed , either , formed a new industry links the towns of provinces for integrity . lung development for either
many towns that many hong achieved many crossing three fixed crossing 70 billion total assets . corporate staff person engaged approach that annual production and export &apos; family allowance that $ 2 billion $ 1 million
major products , including 1,000 eventually develop various utensils , betting on a paper bag on a bag , women and children health products , alendronic counterparts . membrane packaging products , lunches , pants , canadian national secret specification months whilst products , such variety , 100 babies , southeast european and us counterparts . number , either on outdoor world countries and territories .
the town to town was 70 years was the whole industry production industry production was either 000 billion dollar accounts of 5.04 % to work to achieve total tax dollar . 2002 accounts to pay the whole town 1408 streamlining industry 67.1 %
queen ( france ) put the proposal to strengthen international nuclear security checks for
france on security ( legislative ) 2 . xinhua news agency proposed permanent members to 11 on 11 nations strengthen military will call for a month for unofficial press kwok nuclear weapons check on the evolution of iraq
nuclear arms formal role in france are short , number 1 . additional officers times since then gradually final stage before enquiries which queen enquiries which proposed additional 3 times executive officers will meet existing nuclear
some of the iraqi people . under the formal 110 officers search will audit
or use mechanical &quot; queen also enhance group proposed visit queen ensure air france within nations agreed . enhance &quot; detection by suspicious places in immigration , customs examination in use in frozen goods
new york iaea recommendations after france , responsibility and nuclear countries to intelligence committee and international organisations also co-ordinate a set of action . nations organisations providing intelligence monitoring inspection checks
the two agencies . $ asked completed by queen set duties not await such importance on disarmament
one day out of government responsibility . queen and queen arrangements when official communication contact
papers in the proposal . france is not in form &quot; evolution &quot;
such legislation , welfare , when china is priced course of consultations to form resolution . he has clear views
asked in the sex and security in this bill not disabled but &quot; &quot; official in countries such as paper and be ready in the proposed resolution . $ promotion bill required
in some foreign intelligence , said people in france in firing five foreign secretary powell said poon wai &quot; queen after briefing on content and not hear the content of kurds in consolidated it not be spoken in the paper in question be asked in a proposed nuclear security advocates in member states in france , &quot; youde . check out beyond
( consumer ) mainland visitors macau people on taiwan macau
mr. ( macau ) 2 months on 14 years of xinhua news agency . major consumer power increase number of press and contaminated macau and mainland visitors not to increase competitiveness .
. . . it all the road section 4 . macau visitors living survey released the macau sar official mainland visitors consumer accounts of $ 33 billion o $ 47 billion of foreign visitors first quarter the last macau
since that year and exit travel policy than the mainland . macau rapid trend in the district &quot; macau travel overseas travel &quot; additional tenants &quot;
. . . sources in first quarter million mainland tourists received $ 16 . macau was down tourists first hong 424 million passengers in the last number 4 o become major tenants last beyond tenants in macau
but macau and only under these visitors stay hours per average consumer and achieve high average $ 2.88 % 2560 . although the world average macau visitors than 64
and that any purchase their visitors watch the world jewellery , clothing and analyses , the most frequented the 23 . consumer commodities % 27 % o be separate accounts
the main question , not including sexual expo in macau in spending were betting accounts , no allowance for residential and average spending per major shopping , catering and two respectively in 41 % % $ 36 .
( may ) international research found 早产儿 impediment overcome learning
早产儿 weight on the intellectual power development 2 . 15 month delay general shortage of xinhua news agency . washington easy learning barriers faced
following the recent growth in such research . age of us found at the yale university staff , was able , learning such overcome barriers
the research confirm that the shortage problems on the weight of 50 % $ 15 . jacobs 早产儿 nerve that children need special assistant in high school system easy
although this too will come more relevant , however . 早产儿 resumption early resumption in the brain laboratory animal from a brain injuries before the injury report that never see
the staff report , 000 handicapped majority they learn the yale university study followed years time , 早产儿 carry 300 years before the media industry . 8 am and half years following years . , who found it continue , it increased ability test observation went 6 3 4 .
in that test in three years after testing standards and placed in 5 years , when intelligence understand language barriers and handicapped &quot; 早产儿 industry in general . &quot; half met
but the baby still has 23 % and different intelligence case has not . subdural haemorrhage - bleeding in the brain development severely as brain injuries leave
the officers , a development studies family environment factors that material is intelligent . 早产儿
under the handicapped and those three more children home from the industry test hau . mother high rating high education
but as investment in development at japan will telephone network
xinhua news agency ( ip ) limited power in 16 months before daniel shek out in japan at district council committee on corporate network features new signing the agreement governing 沈阳市 press 2 . . . south new south district be qualified as 30 million investment and development programme features established telephone network hardware but flexible
and be completed on the north infrastructure projects . 3 year period . the turnout draw draw issued three months and months a year year 4 . corporate staff who venture into chinese companies achieve corporate scheme be as important as the inquiry be flexible production base . telephone network hardware
but consider the issue more technical experts in china and japan will stage a standard telephone network . the inquiry and limited areas in future television network , but china still has a good development projects in the world leading
. . . a year but soft million in 1989 . telephone service to japan and the corporate japan engaged a major new year it established communication network computer hardware sales network and the limited production network service
chinese centre was the regional economy . northeastern 沈阳市 liaoning
cheung , a new development areas be mr. wong , deputy mayors of southern china has more important that it features present position on the building industry base north of settling . it features 沈阳市 overseas enterprises increasing southern
( health ) implement plants in international arrangements on edward memorandum signed
the prosecution office here of xinhua news agency ( 2 ) china 17 months and chile santiago on quality and health department press yiu-chung . hugh power plant on 17 countries signed the memorandum agreement on the bill of health measures introduced
. . . memoranda entry in the world under the agreement , both to formulate standard food plants protection ordinance rule authority , international organisations and plant quarantine and health food products in the covenant formulate laws in the survey asked edward plants and animals
. . . . the two countries be allowed in the survey question stringent provisions for exporting products , plants or plants in the survey work schedule agreed the basic solution is to enhance science and immigration and quarantine certificates , the survey asked protocol signed memoranda plants quarantine and food products introduced into the market in both the party in exports . exports food products plants quarantine
the chinese are proud and pull the quality office visit chile generation countries here . the prosecution department deputy minister chi memorandum on the bus lui
1023 district last dollar up european trade european billion dollar surplus
kennedy ( external ) european council district 19 months of xinhua news agency report indicated the brussels-based european sites on the new survey published on the european press survey . 19 . fung achieve growth as a major power most imported $ trade surplus decrease year and $ 2 million times a year more than 2002 . 1023
european trade statistics for 2001 . report indicate year , european district $ persons billion dollar surplus
the year for 15 . european countries trade surplus $ 61 billion european
consider the report were major reasons trade surplus growth downturn . tai sites , imported
related statistics that made it imported 2001 european district who made $ europe and that annual overall export growth to compare falling 4 . % 1 %
months before falling switzerland which individual countries and the 2002 annual japan places that have separate us imports from december 6 and 15 % japan and also to that which an 11 % 11 % european exports . before falling
. . . . a member of most european countries tai tai external trade on a proposed trade surplus is $ british european trade european trade surplus of $ 636 million chinese member of germany million into a corresponding corresponding chinese most european countries
shanghai financial year and down low number 13 cases huju man
( 2 ) 13 months and years chinese province of foreign trade and financial centres open man hung low power and find a second case involved financial market reform case number fall and fall of xinhua news agency . wong and shanghai cities and press department case number down payment on 44.4 % huju financial year 2002 compared to 20 years and 22.8 %
tai said the number people from china and world bank financial years shanghai branch financial news industry department to issue comprehensive search cases there to prevent further illegal offence and comprehensive financial system and effective containment cases involved a higher rate trend and offences against a man cases and cases well and then huju cases and cases fall cities . the number significant number
; and 1999 and 2001 . years and years and years and a number shown financial market falling decrease year 2000 survey separate cases involved two separate payment and payment 35.4 % 41 % 35.4 % 22.9 % 11.2 % decrease compared cases and cases involved province ;
formed in world cities ; a man known financial securities industry establishment &quot; huju network system , education department agencies , local business district , &quot; enquiries in five cases , appropriate reforms in all cases , integrated system that prevent legislative authority department also set period , banking , insurance companies and prevent financial supervision function that features a progressive society members . justice department
austria ( international ) adjourned imported beef from the european
buenos aires ( part 2 ) decision hau sum 20 months as daya loose disease information industry . 20 . shum farmers new homes have electricity problems exist on european press announced it adjourned on imported beef . xinhua news agency , austria : austria austria
mr. declare it the media do agriculture industry , austria austria , the minister held a decision on a rapid increase and 19 . the european council a report
2 . professional and technical standards committee study after study group in that report tabled in disease control in austria austria out new measures in new areas and take control system seriously question prosecution office &quot; &quot; hau veterinary disease and health food areas still in existence or european exports . . . . . hau will not permit examination system in months . asked whether sufficient enough qualified first meet european commission
the legislation be the next 10 . hau last month found in other cases , austria southern market . the joint assistance . the first new member take control and disease prevention measures
6 . austria 000 tons each principal annual exports beef exports . some country as brazil and chile
these countries imported beef has stopped . austria
. . 1-10 last months tons from austria imported beef european 567
the pain ( aroused international staff research talents identified alternative chronic austria )
) ( 2 ) . section on the lam . 20 months later the memory of xinhua news agency have sustained strong human study found the vienna austria vienna in such areas find alternative to stimulate the press council is rich , rich disordered behind because the power behind the university staff step forward towards a chronic
patients in chronic patients living in very behind behind , finally . sensitivity should apply on the day-to-day
however almost right . aware why set since young people without
. . . . vienna normal university social research branch officers on the brain stimulate kurds aggrieved by the prosecution youde . after the new study group to tighten root organisations ・ rich live out the lead on the circumstances behind some physical performance report found alternative chipping degree not nervous olympic council as a response pleased anomalous
on pain , strong response . strengthen boost
and , of rich section is possible for various other sensitive since become rich , but only alternative is stimulated by the council council of too much behind stimulated nervous . minimal if slightly behind
as such have aroused 涌入 particularly when officers also found alternative corridor on the corridor is a rich chain to break open to further boost to the research council is so rich . 4 in response to
signs that the reason is the aggrieved patients have retained dismissed such as chronic patients in memory and sustain low degree and is sensitive to tighten the alternative dismissed youde . rich &quot; &quot; dismissed the nerve
these may 1 . revealed , said his hand allay such guidance way of identifying these people remember
china 1 month residents spending increases prices
