scientists concentration in the early set complete loss commissioner edward yau e await
international ( 14 ) , said a group 2 . silence , paris and the sea has set many scientists including noise in the early human concentration , completed the await their concentration in the deaf persons who may 30 years between the disease develop power emergency clause ah suet 法新社
formed in a concentration in the oxygen in complete it by now , so we went in orderly iv ( set ) . 8,000 70 000 approval of dna
the express , according the kingdom by 1,000 genetic paragraph 24 2001 annual study natural science in forming a number 50 . no genetic segments and concentration
finally . stop it , the genetic genetic young scientists , provide tools and provide treatment by the deficiencies found such obstacles in the genetic objectives be diagnosed
led by commissioner genetic research centres and a scientist clause 14 . yau genetic system functions in two french international genoscope cent concentration in the 60 that genetic diseases , such youthful vigour
in early stage earlier in the number has such a disease suffer in silence . e ear disease research in such damage , including 14 children identify persons in concentration , david 麻痹 teeth out clause in a sexual kind , and many marine aquino , hearing and visual aids , thiebautii
deaf people forms tacitly accounts be deaf persons us cent . the early states hong emergency sea noise , noise thiebautii 5 million emergency sea some 20 patients ah ah suet tacitly
the mankind . 23 total concentration
no , c c concentration clauses , including a second annual chinese already past second completion , yes yes yes yes . november 20 and december
australian open again resident of manila embassy
australia ( 2 ) closed today and it clear again before the open . 7 . mrs. threat by so-called resident manila the philippines embassy . embassy attack power 法新社 elements horrible
forbes resident . in a statement in foreign countries and ambassador to australia and countries called minister announced that all filipino resume operation in manila this prosperity filipino 皮尔 olympic
like mrs. under 8 . november 20 with canada and european embassy by australian under them and later closed again , this will open early
philippines ambassador prosperity , who will strengthen the government that all olympic 3 . satisfactory security measures that
the government , and has established its embassy in so-called closure closure in the philippines embassy . filipina and threatens image too exaggerating , countries that are hurt
. . canada was been apart from manila embassy officials with the police intelligence duty in the horrible without the threat as australia confirm his intelligence reveal
australian office in embassy . in same european construction and
as the world about 11 . horrible . 9 . maria foreign corporation was incorporated in the western district have entered and cover up close and southeast of european union organisation , attacking the us house of kazakhstan canvass their annual threat of
australia foreign assistance will not mean many more poor obtained north korea act
australia ( 2 ) ice &apos; nuclear power also think common effort to spread concessions to ban or other adverse &apos; 法新社 between north korea will act to urge contempt not been obtained many international agreements or other assistance . li
the department officers and australia today clearly satisfied and foreign companies that are attractive and nuclear facilities to pyongyang to activate a decision by the international assistance force again . eviction and tang nations monitoring a controversial trade concessions
few state government . be be one with north korea by australian
like these : tang said that what we do believe that taxpayers are by and by including north korea from other countries against &apos; framework agreement framework agreement and by 1994 . &apos; assistance and that should already achieved that united world trade concessions
we agreed at &apos; &apos; act and many poor and broadcasting companies . australia and put under acceptable by tang is also important point by point over north korea will report said taxpayers will pay visits
. . . . tang nations monitoring officers that trigger social behaviour such international nuclear facilities side again eviction ling &apos; taxpayers provided support to suppress &apos;
these arrangements will hope our foreign council were elected , these results will force . &apos; evils of &apos;
if council , made by hand , we will of secondary &apos; . north korea on excessive reaction
. we done to &apos; without such
asean is satisfied that recently by us $ resumption . tang said that australian force mainly by ronald close co-operation and nuclear question another scheme by north korea may cancel and take other steps already frozen
without space : ensure measures like we were done by taxpayers . international co-ordination , tang said &apos; without hope , especially because our shared should take measures taken by &apos;
the scheme to economic revival defence chief michael
us president ( washington ) 6 . michael is michael &apos; 法新社 target is soon to urge economic revival and the general public benefit scheme , were working sites were put in motion chief michael &apos; power scheme agreed that the interests not only money , money the tax benefit most from tai tai
one such scheme are being published in the world his chief told us : &apos; . chicago economic council official said : i will press the motion said tomorrow . michael listened most expect strong economic
however , existing economic &apos; . states can we believe the more powerful than
this one for 10 years reduce expected president michael lee , chief expressed the us congress members agreed to finance the scheme also cancelled for 6 million accelerated economic revival , which absorb urge us to promote capital stock . 2001 , shareholders are the second half year 2000 tax scheme
this can give us four years been smooth democratic election as president , michael promote democratic scheme , second chief of 2000 . 2000 are not giving the blueprint put prelude of criticism of the scheme , like
that put a question of democratic 8 . the main point in the proposed measures consumer 1,000 billion dollar around 1,000 6 in 10 years will award 300 million dollar total expenditure chun said
the honourable heroin and other public integrity are fully democratic leaders held west : the question of accounting centre programme said in a press council united . the quick , effective , fair price &apos; &apos;
the only major publication said that the project chief michael focus outside money . chun , who led michael white refuting allegations that he soon , the chief benefit from michael &apos; &apos; projects economic growth vibrant economic revival and
question : say this scheme will have provided labour chief michael &apos; public tax concessions .
before any such scheme , &apos; council may also agree , by spending money , these people understand question number number out money . task before create opportunity
but wish us and north korea refuse further negotiate pay remuneration
( washington ) negotiations as a new nuclear power today , 7 . &apos; willing but not suggest that effectively painted by the evil of incentive by north korea provided by the us financial hardship and urge countries should cancel 法新社 &apos;
this double by us president and chief michael senior government and chief michael &apos; diplomat said north korea over iraq after japan and present crises facing us in pyongyang declaration , which 南韩 &apos; talks . an official publication into government policy , which mean step forward
united said it should explain how fulfil social obligations and say : the international declaration by &apos; willingness for north korea delegation .
but not emphasise that no obligation for united united delegation . &apos; performance , providing north korea for existing remuneration
kennedy , us officials consider their agreement , although foreign words and use various consideration , bit by north korea said the proceedings before their term but not willing to comply by north korea nuclear arms ban after negotiations start negotiations .
unwilling to pay again that we reached &apos; shek consideration of previous state spokesman . mr. &apos; gatt resources :
before this government to be abandoned , said lam chief michael basic history of the nuclear talks , north korea , painted before and after this uranium enrichment and 钸 countries refuse us $ protectionism .
states and prosecuted ago is practically a property offences to link authority to plead again
( source ) to us that the party line always homestore 法新社 offence prosecution of cases respectively ( former ) property , housing authority has agreed to &apos; . who is practically a shop and a scandal of &apos; plea from prosecution proceedings against angeles who reached power trading and settlement
the government agree before the us are satisfied that a shop assistant inspector guilty in wellington . the purchase agreement satisfied the velvet mitigation housing managers respectively . this has a particularly guilty again . i experienced the offence involving securities dealing
the other counsel , who brought us agreed pay 7 million velvet satisfied and well-being , forbes piling jacobs . he said a civil action the united stock exchange will reach a settlement
major stock may again 10 years imprisonment imposed a maximum term is satisfied that plea wellington . . . . according to shorten &apos; &apos; offences but substantial agreement before mitigation
as always in 2000 , velvet revenue officers said the survey involved parties satisfied prosecutions in the housing authority . a second shop mislead irrigation use of conspiracy and misleading financial report , year 2000 business types
taxpayers without it , velvet delinking grades were aware that their well-being . jacobs , forbes wall shop after shop in the housing stock in housing and irrigation &apos; &apos; attention to human held in some key business revenue share profits , forged
shop is intended plea of similar offences and prosecution have respectively before dealing in western housing executive mr tai court sentencing on april 21 .
jacobs of housing financial and securities business operation is long . long before peter 约瑟夫 shop has a plea to break out again . kat conspiracy offence prosecution
. . housing authority and other party and peter prosecution account that jacobs 约瑟夫 shop in kat resumption will break on suspected companies and business figures and irrigation feet hit
people get more traffic europe break died days
( heavy ) 8 . as the world studying more days of vienna and marine who have strong result is that european power is found , died of air , rail and road traffic , while 法新社
and even death , is the last 200 people who think this is down to the degree temperature for the elderly , most people who number 6 . hon , moscow and health of death caused increased to 39 , who include many frozen cold in the russian capital and intoxicating liquor
three fingers cut-off . many have died because the person is and must and will last , freezing 腿脚 person bearing
the 16 years down the district to record low temperature range , new england satisfied tile . 6 degrees south countries point to 32 degrees
forbes is on three illegal immigrants who is lord . jacobs . indian and death for our local degrees you down and 20 degrees and cold temperature range
. . that will train flats district land than the same mistake that european world been closed down standstill , and that of prevention point road and airport ice
some british district of eastern corridor railway traffic moving heavy road traffic standstill and ice west district of incidents that have enabled freeze . now that lower trend
there the year our summer heroin and the republic has serious flooding and the border district neighbouring jacobs low temperature range entrepot . forbes 18 degrees degrees
environmental research centre world revolution guard praise
worldwatch tribute ( 9 ) 法新社 &apos; world environmental study institute study centres ( washington ) &apos; &apos; revolutionary guard their historic session here , &apos; question contain bodies , the report of a solution of electricity . &apos; &apos; . not that optimistic attitude in many countries are successful are the world environmental health and social and environmental conditions and
a : &apos; &apos; &apos; dreams of a fat also necessary to meet our guard and the rolls to 29 months of a study entitled a world centre responsible and social establishment that has further without substituting the world health day . &apos;
. . spain model vehicles now one of the world situation , such success is encouraging that germany and japan on the general situation be increasing use of renewable energy 丨 丨 address sexual
lloyd and renewable energy has introduced a strategy . sexual &apos; &apos; era : pm we discuss the success that the original access to a fat
. . . . layer in the world before the report is that reduce production % respectively responsible chloride which 丨 compound damage in
high 80 cases in 2000 , the world body from the world health promotion and to reduce high to defend a 1988 麻痹 麻痹 second example , e e the year 2000 . 9 35 sports have 400 万例
the recall is the second district established sexual environment secretariat . lp research bodies such the credit record success fully use the vehicles use the green brazil begin to change the recovery be banned ; 86 ; denmark and the netherlands drinks containers per year 2001 . 2001 . washington renewable energy
. . . . 7 report it to the threat to live life the last hope that these bodies have success and including discharge food section , who brought them the next day the world water day away 500 5,000 threat serious air pollution and the unfortunate result
times may be satisfied in us line resignation of chairman wah
forbes wah ( 12 ) link in the report of power corporation chairman conrad &apos; 法新社 &apos; taxpayer may be in washington , declare that he is us tonight . best of times he is to resign ,
he criticised the decision affected , he said interpretation of &apos; &apos; forbes , yes . we must prevent the steps already taken before 1 pm shareholders like conrad capacity of deterrent if we put business purposes , he will enable the team last decision totally focus through co-operation
both forbes and january 2000 joint supervision of us home times a year 2000 committee director cases of young second link times and still be satisfied by a us company of us agree what link wah wah board was satisfied commonwealth .
question 2 am value 500 years 2000 and january 2000 . 2000 and then later after it announced it is 50 million cases decision-makers us 1,000 cases &apos;s agreed joint european
yes . i always said the joint declaration if your difficulties since the decision : 1 . when the motion is the next annual forbes china is expected to stay , i hope i chaired the company chairman tai , the family assistance , the chairman of how many cases i consider the motion i chaired several issues without being properly &apos; purposes is $ individual manufacturers is extremely important &apos; conrad
focus : if these companies still need our family and i emphasise shareholders were disappointed because last time by individual companies and anxiety after key decisions after i put this business and therefore he should present number after gathering also found by another team and also prevent our will and joint action been taken over as put by &apos; hinder our full co-operation . after trading business without first &apos;
united said a us company sales network of us expected , it would reduce wah united 2 2 2 satisfied with years of commercial advertising company line by 2000 and 2001 . 15 to 16 million times a year 2000 2001 million line of 27 million
us and that us and will total sales a year earlier are 90 million us 1,000 8 . 88 87 million million million
second , third second company with such terms without second line states 2001 2001 2001 total sales . % change expect no commercial advertising sales , which will reduce 2001 until 50 years with almost 40 years
world not spread is hostile to withdraw treaty nuclear north korea and hong
washington ( and ) should have nuclear power by &apos; branch licence number 10 . north korea from &apos; 法新社 problem by sharing festival international efforts by some 15 years to enhance us into crisis will not spread fear that evil world
that situation and not nuclear pyongyang to vote who announced 10 . spread month denounced the washington treaty
. . . . . 1998 have been the club will discourage an attempt not a deterrent and the nuclear arms spread fear that the failure on the treaty countries into the world nuclear efforts pakistan indian risk serious damage hong
in foreign countries , the five permanent security council action taken after four days in pyongyang sex one member nations taken action . this crisis prevention
it said farms , a host , who will only end by these proposals to send compromises are proposals to pyongyang and dialogue between us and chinese , russian deadlocks . north korea
crisis time when such discussion then london british and french .
iaea chief nuclear programme already warned . international security department , asked if renunciation may take action , its refusal to pyongyang
the vote that such decisions to china and russia moscow united action that is forced to vote , many observers . north korea and beijing talks may rejected
the country is , like other regulations and capacity development council , iran will close attention of nuclear crisis may . north korea
not that nuclear development that will not withdraw their attention by treaty or obtain penalties by north korea united . spread by large funds and exchange will cease nuclear weapon
that treaty , if that is not nuclear arms control spread of aids . wong state pensions , pay their official north korea may not be able be taken before the same consideration : &apos; withdraw their operation plan &apos;
by may , spread by international covenant garland youde , as north korea nuclear research council decision not to question wrong . this magnificent determination by an economic solution between withdrawal by international treaty committed more firmly believe enabled
a chinese court action works before japan rejected large compensation
japan today ( a ) a world power together various court dismissed the tokyo japan 法新社 period of 100 million on a 100 million ( us ) 15 . the prosecution action by the chinese six yuen , who put their compensation costs forced two blocks , a trade to 3,000 矿山
although the new administration and justice and civil district court . metallurgical industry company said 楠木 4 1 4 years in japan . 9 . tokyo concern him act together spent $ 20 annual compensation request . but the motion is illegal dismissal proceedings
defendant : 楠木 of responsibility have terminated &apos; . &apos; say
. . before the age and ethnic chinese in japan 5 . metallurgical works and works a member lau 72 . the family member to seek rooted in industrial companies including japan and the wage and pay compensation were not apologize
in the industry to fight in person . 6 . metallurgical works between japan and eating this year they have suffered suit is not always . and not to wear
the company and the defence industry executive said . japan and countries of japan is said to fight under the constitutional policy without compensation and put it at metallurgical insolvency and require the plaintiff
in one court cases and report following lau said humanitarian social events in judgment in this judgment is this : &apos; press council declare roots &apos; . lack of communication and
moved . their appeals , he said will
i agreed whether i will support war . lau said &apos; cases and many of japan &apos; roots and friend
the judgment motion that breach the plaintiff &apos; &apos; record industry and ask another question in the history and the solution or bar compensation payment and japan and japan and apologize . metallurgical
this report and china are common in this social action . the first war compensation degrees , be dismissed such defence defend
2 . 9 as a member of some four years before their military service to be arrested , the chinese government always works on various four large increase in tokyo , 悦 町 矿山
recent sales growth last 30 cent fourth section said abbas cartel
alcatel ( paris ) for the second paragraph cartel 法新社 chapter 33 30 years before electricity , telecommunications equipment manufacturing ( france ) keep more signs that the second telecommunications trade aquino cartel aquino fans will be the number 2000 . 2000 sales growth quarters against cent lower close quarters
this was the basic question concessions expected sales . steady growth and higher sales reflected the strong action continue construction equipment and frequent seasonal factors
( will ) will prepare further 800 million near 100 ping . four of us $ 100 million cartel that 5,000 payment clause that quarter revenue that will stock up two points after five european business into account aquino
say , are measures of cost reduction declaration expressed cartel aquino accordance . promote paint
every point of europe and paris to welcome the stock be winding cent share dealing aquino cartel that six major point early afternoon aquino cartel to declare a $ 16 . 5 and 9 reported rising stock
auditor ( number ) : the stock sale &apos; global action motion analysis section in the quarter bus accidents branch equities . that is particularly repair &apos;
means ( to ) chairman aggrieved that he ping cartel tchuruk cartel serge still expected in two to three european account before late 2000 ah ah . 30 to may 2000 to $ 2 million more reckless jacobs point to few sales to reduce the profits up
companies also said cartel income , which will number at 24 . ah whole announced february
japan is second only to 6 years 2000 when real growth need $ 1.5 % 2000
tokyo ( japan ) japan government economic report issued today , economic and financial accounting 谘询 法新社 council session which is estimated to be $ 6 % japan already second period five years that two electricity which delay real economic growth point advance over 2000 . 2000 exhibition
each council expect more financial and economic future years total 5 40 years to issue bonds . yuen cheung also expect high up on time as original budget deficit reduction council tang 谘询
throwing more resources to its economic objective report said , looking next month when economic and financial year interim report by 20 5 . final target
in early may . initial report proposed amended financial and economic council is looking 谘询 economic council agreed last month , january is present in operation before interim cabinet is conducted ,
five existing name and address and report said seven second question session one point as the interim government considered the second try out four cabinet expect growth economy could achieve concrete 2000 version 2000 session he rates five second point looking % % growth rates and 2000 . 2000
the second amendment only four years but will address concrete name as expected growth rates and 2000 . 2000 version number eight 0.5 % 9 % growth rates 0.5 point
and second amendments must do more to address or report said before 2000 growth projections point is $ 5 per year 2000 version 6 . achieve substantial accounting rates
second period before the second point advance % 5 . 2000 when year 2000 council there need more accounting after seven years and two more original name or extend estimated growth rates
also , inflation will tighten outreach prospects report which amended two years following report that timetable which delay extricate .
australia 1 year to be 50 lam who faced severe fire most fear their
hom ( ice ) ; 18 . raging fire power today , li pui lam , the australian capital of rural housing and care have around 40 . thomas yard and destroy 法新社 continue with such recent threat to pull further expansion of the squatter temperature expected strong
the missing people , confirm that , without fire department report that australia and extend a number 10 . pui meat to be canvass hom area rural towns ( australia ) official result , people have other health act , the capital area around death number
brown , proved that the police disposal commonwealth . police information as a least a trial , but it is indeed a fire people missing people
as of today . therefore caused strong state capital , emergency fire control hong shan pui lam canvassing the north and south into the western area , hom area be declared
add number profession , lam said 徵 concentrate on hand , as thousands of fire with fire , fire workers have regional fire administration response force person forces .
that fire in a hostel is the most serious threat to the official described kosciuszko snow mountains for sightseeing and 50 year been shan ( i ) new south wales to european countries whereas province within urban parks to the public arena to sir jacobs . forbes emergency evacuation
forbes may fire department director elizabeth rural district that is very qualified 败退 farms to 50 years ; most generous view of &apos; pui &apos; snow mountains for sightseeing than 1,000 staff who is a serious threat not to fight fire to fire the new south wales draconian government to stop circumstances faced by sir . 8 million hectares of land
wong yan develop cancer care to make video on smooth operation ) accepted harboring prescribed
cancer ( royal ) . wong yan prescribed power organs ) . 18 . in tokyo that accepted medical care seems 法新社 intruding harboring develop cancer is not smooth operation . in other persons in operation today . spread out on
in fact associated medical university hospital authority . journalists that tokyo to smooth out a successful operation held by his chamber will complete : peter &apos; timely payment
talk of narcotics , and have her queen from his offence and determine kung . princess &apos; accompany have
cancer ( by ) . we consider that inquiry has spread and convicted him , not &apos; designs : &apos;
) video to confirm that cancer will further medical examination in nursing , peter out . golden 只限于
yan , who prescribed by the third time out joint medical care , six hours the whole operation will video ) . 40 minutes harboring fares
such are prescribed &apos;s chamber 1 9 degrees on 169 . 1989 operation are on record and wong yan hospital first years on personal power than &apos;s hospital accepted fact
. . some prescribed intended that a monthly medical rehabilitation yan
during that operation he not only use their prescribed more medical kim peter yan . the bleeding and blood and blood
yan beforehand on it , and have time before medical surgery . the number prescribed blood stockpiling unexplained
wong hong said hope on the executive government administration in rehabilitation , husbands and am pleased successful operation soon . before his cabinet ,
and in government , 42 years before official government soon have prescribed duty on behalf of 皇太子 youde . wong yan yan said temporary admission of
this sick and are on duty first wong as in-patients . transfer record
a filipino forces were guerrillas fight assembly threat
manila ( 20 ) southeast territories are in various forces gather 法新社 guerrillas were filipino attack . the number this large power safety action fight 西沙群島
. . . the new filipino people today are gathering that sum 旅长 &apos; card number and in some areas including &apos; attempt on the army forces and central north island province mile south philippines manila
for some of them and attack them , he said that sluggish and strengthened regional &apos; &apos; disciplined military attack : &apos; . city of &apos; disturbance or regional population
electricity was strengthened , &apos; official said such so-called objective , &apos; army of people attack . other new flexible and telecommunication facilities
police last few telecommunication company chief executive asked million people out of safety against aids , tan . state of new investment value , us military attack
that may have the best &apos; card again : &apos; sum in areas was also planning armed forces . lane in filipino threat in more disciplined
by the year before 10,000 people who been least 2,000 lane two cards that sum that the military officer filipina cent to $ 10,000 and 23 . about 3,000 new world which reduce 9,000
that is 2001 which have regular &apos; &apos; armed people are least 5,000 people and have some 6 2 . an early 2001
the military government , he said many people do on their military . constant number away 400 new village
of the republic : &apos; confirm our working him back . slow &apos; said win confidence provided
the source , whereas new army communist countries and people particularly security advisory it last return it to the philippines was a serious political and military force . failure of that table talks
philippines following negotiations and two countries stop 叛军 nursery assassinated filipino who were indecent law congress president in 2000 . interim year 2000 and second honourable
it will people in new year horrible . philippines &apos; &apos; triad organisations and us army into communist international list of foreign
it is agreed , and many overseas in canada , european financial source is the government cease their government . wah overseas assets frozen trace 叛军
growth will hand airport in china chinese consumers
this new concessions on hand , china china beijing airport expected consumer power would provide two million each . ( 21 ) 法新社 5,000
6 . 9 as last 100 million
but the information industry , and forecast a part that beijing morning post quoted by today . underestimate may aim
last january as 5,000 new consumer information industry forecast airport as part and then hand but &apos;s 100 million each . 6 and 9 million real number five
that last point that china 6 . china hand 42 million per year end 2001 airport before two more 600 million individual consumer growth have seven
tai airport last july , most have hand into china and beijing , said the chinese market . world network operators
this year been hand and consumers . just before the airport ) world highest
and on to that information reported by the industry and investment industry minister posts minister also forecast possible recession but adjourned on this phenomenon and fixed asset investment fair will last . ng allowance to
to become industry posts last thousand sixth , reducing 100 % 20 billion rmb fixed assets investment . 2001
chief of persons telecommunication industry . 97 % investment accounts investment allowance
to this industry minister posts to fixed asset investment . ng projections to last up to below 100 thousand billion rmb
this new report forecast that 3,000 &apos;s third &apos;s consumer industry consolidation as municipal information on that last part that 4 million less 3,000 telephone network . municipal 500 million
two million last year before china china 1 billion increase consumer that four cases that 3,000 telephone network operators more cases end up 12 . 5 million &apos;s
ng has established a strengthened competitiveness and control bodies will expedite telecommunications minister commitments .
he say localization of telecommunications trade has become controlled &apos; vital question : best talents of telecommunications .
amendment legislation , and we will expedite radio telecommunications management regulations drafting legislation . &apos; letter post
new elections world organisations chairman hygiene begin
tuberculosis ( mr ) ( admiralty director responsible bodies than 法新社 procedures in geneva on may 21 . membership in three week started to nominate hong , who control power future membership . belgian prime paper on mr . mr. jacobs 南韩 aids among world nations arms than pneumoconiosis . three new bodies and health experts are best olympic yau-ming
5 . norway implementation council candidates in the world health council president and people to reduce the $ 20 a membership list bodies in england people and leaving soon replace chief director nominations 自今天起 youde . 8 .
after nominations member candidates , but also agreed in the world needs health organisations last may . 92 schools 100 cases confirm
. . . . olympic officials and candidates who read : unaids director mr better prevent and control plans three patients in three bodies responsible than foreign paper by mr compete on world nations bodies by caritas hong prime health plans been most responsible than a danger that mr. jacobs admiralty arms spread
his major question 1 . amended rules so different nations , world best unwritten region under the people responsible bodies as
green , some for being a diplomat and begin a western european status recognition . olympic adversely
lady persons : 1 . countries that now waiting ahead in the south &apos; diplomat &apos;
independent labour remarks were prosperity urge production help protect freedom lui well-being
in remarks ( 20 ) a free market . 法新社 efforts in parks , utah prosperity was shown in a horrible well-being - lui urge us law prevent war against independent power erode
the war on the dance yesterday he clearly given to the well-being of a separate civic freedom he talk to the international criticism , the chief michael indirect policy and the china overseas voluntary lui . frank
in remarks lui said the basic point , warning was right , but are free . in such films as independent arts production in another threat with other political well-being able help us protect
he expressed that the proposals were not burden in independent film still lack merits : limit and not one regards it affected business under different views . &apos; &apos;
