last year was making $ surgery has now accept 韧带 hsin duplicate silk stiffness and let her feet into rehabilitation time in france , but not eliminated in the united states open tennis tournament , the third round axe internet bill clinton . kat silk teresa
last october 10 . in germany last year , menuhin tik 费尔 monocytogenes is a race was tak said 击落 athlete russian mikhail
the winner of four consecutive silk , a small show today she is a big success reached sierra wellington . kat encourage hsin 大满贯
various methods to disarm iraq vowed sheehan armed security chief
armed iraqi president fahey regime ( washington ) vowed today 14 . various methods to call us president george &quot; &quot; 法新社 discharge hoi shan
he had used weapons of mass destruction ; hoi hoi shan owned , and continue to do so . this world : &quot; allegations than they were accustomed to deceive pharoah
in canada . the terrorist organization and also establish a website hoi shan
the federal bureau of investigation headquarters in the republic . similar speech that to discharge the sheehan &quot; sea of 11 september 2001 for the prevention of terrorist attacks , said : when is dangerous , and this is his vigorous efforts will be various methods to various shan armed elements
this is the first public reaction . united nations security council meeting today to the republic in new york sheehan
this charge is november 8 last year iraq whether the united nations affairs . listen to the security council passed a resolution of its four of four armed discharge report no.1
white house spokesman said tse does not provide any reason for buddha , cox rolls in iraq resolution . four people believe is a un security council can observe 4 1
he told reporters that the news from new york : &quot; today shows he is not all believe the world has seized by officers to get mo shan , sea and be happy . armed discharge
just &quot; .
but when are content to enforce the united states resolution raised a question of security council resolution buddha , tse said four premature and allies united states will now question wording &quot; rolls 1 . negotiations on four aftercare
france , russia and china still hope to strengthen the country like a war on iraq , and not advocate . iraq united states led weapons seized
tse , president of military action is also means &quot; buddha sheehan &quot; finally think lewinsky . chief said
he said , however , insist that in the united nations timetable for several months only and not much hope of peace , armed iraqi &quot; &quot; weeks time can try to take military action . discharge will be followed on cloth prompted
north korea sanctions : new york times on the white inquiry measures intended
us officials today ( washington ) 法新社 measures , new york times on reports that quoted electricity development of nuclear weapons in pyongyang once its inquiry is not the white house actions proposed sanctions . toss the
reports that these measures will include remittance of north korea , severing the weapons to prevent people living in north korea in japan and north korea exchange trading sanctions . piping
kok , and once detailed measures taken in an r , state officials reported that five buildings in north korea nuclear weapons are currently preparing the new measures to respond . american sanctions can readily towards
perhaps , urged the united nations security council reports , including steps will be reported as nuclear weapons development section of roadside measures recently taken a treaty and condemn the spread of nuclear weapons north korea may withdraw grade was 钸 recommissioned prohibit such as nuclear facilities in the coming two weeks towards ning is launching new york . production will be ripe
but the concept of washington , united nations sanctions against north korea and asean security administration pong . iraq still coming few weeks may still be focusing on pacific
meanwhile , many officials . reports that north korea , united states launched attacks on iraq will worry if propulsion , new york times reported their weapons production may
us forces in philippines island training operations will commence hostages
lu organisation ( 17 ) . philippines manila , philippines military training this year will be sending officers to assist us hostage , 法新社 丨 island by island should call muslim terrorist threat rebellion and philippines
philippine president of this training capability . disney chief spokesman , said dr &quot; drills with indecent confrontation with the philippines will constitute terrorist threat , was part of overall security cooperation with us defense activities are implementing sustainable , we will increase by focusing on action and defend their own
he pointed out , as detailed in a declaration of support , people with the united states soldiers from the philippines government forces , and gary &quot; tac . with united states business decision &quot; gbdb
philippines defense minister will tell us details , su najarbayev vegas generals , the philippines in recent discussions with various conditions , media reporters on arrival in action . philip laser &quot; &quot;
the philippines and south island for su . lu islands including philip
the philippines national security adviser , dr philip indecent training drills in anti-terrorism action will give big su said &quot; sharking esterhazy armed forces training . most of
the united states government since the terrorist attacks in southeast asia after the incident , afghanistan , the philippines government has covered up the united states assistance to strengthen military action . rush was worried 00 muslim organization leading elements might have fought to establish a base year of warlike
q in indonesia , the island has doubts , lane bomb explosion cases occurred last year holiday destination , the incident caused people dead . best of nearly 200 corroboration
lane is western island explosion cases of cuhk . q majority who died at
mobilcom tak founders tak estate bankruptcy declared telecommunication john smith
hamburg , germany ( 18 ) 法新社 telecommunication companies . lensky shrunken mobilcom tak estate stock , he is today announced by john smith mandrax , chairman and founder of electricity , germany has announced a face huge personal bankruptcy court before the north castle
he founded the company about 40 per cent , john smith , finance companies holding shares on the verge of bankruptcy , almost mobilcom crash . past year tak knock-on effect on prices of some hardship
in a statement that private property and real estate into tak . john smith
the bankruptcy court . he has been assigned to cover charge of accountants pollard
a new generation internet telephone communications system for global action dismissal . john smith , not action , the long umts major shareholders in france last year was spent mobilcom telecommunication company gave us a lot of tak
later today , said in a statement published in tak to business or personal bankruptcy mobilcom contract is not affected . john smith
france , about 70 million euro mobilcom declaration also said the euro from present-day changes ; this will not have any relief package with a german government financial institutions will provide relief to about $ 100 million people expected . staff of about 5,000 of the financing of telecommunication
north korea held march army 休战 南韩 performing mei agreement threatened to withdraw
north korea since early march 18 . ( clp ) han 南韩 法新社 seoul agreement with the united states military exercise , nearly one month to start preparing the large-scale war will end 休战 threatened to withdraw
the korean peninsula nuclear joint military exercise is nervous than north korea situation continued to ease 休战 threatened to withdraw the read yet , this is four months of the administration announced yesterday to pyongyang . united general agreement with 南韩 deadlock in march ,
north korea if the agreement , north korea accused us military issued a declaration without 休战 &quot; continue to observe the agreement , 休战 continue in breach of arbitrarily used 休战 . mei repeatedly breached the agreement , unhappy
attitude . future development will see us side fully
however , military officials said north korea said earlier in the 1994 agreement they no longer 休战 . han senior united states war
us authorities announced yesterday , with a joint military exercise in the united states annual 南韩 march 2 . april 4 , the korean peninsula will from time to
yesterday , government officials have said 南韩 南韩 military exercise this time they please . send observers , invited to observe one north korea
the joint military officials said north korea : the death of this reluctance , the statement is obviously 休战 &quot; 南韩 agreement with the united states withdrawing reaction against &quot; .
north korea 12 vehicles along the same strict b-52 bombers bombers identified , ordered b-1 stationed a framework for korean peninsula with the us has already prepared a reprimand . few
moreover , japanese media reports yesterday . the united states database of nuclear weapons against north korea scheme in northeast asia , strengthening of the military preparations worries triggered
us embassy strengthen safety administration refused database of indonesia
jakarta ( indonesia ) united states embassy in jakarta , 19 . but whether electricity to the safety administration to strengthen construction of a wall three m 法新社 embassy was overwhelming
the ambassadors today . &quot; news agency reports whether &quot; of state-owned fence post jakarta jakarta , authorities have to tap this vast and damage to the aesthetic reasons , will replace current request with the outside wall with the embassy residence to segregate
su , jakarta , but then far built three m can quote premise is that disney woven in outlying must present mayor wall fence construction area . the embassy officials about
moreover , lei turf , must improve in the embassy district between two embassy unsightly . wai road resurfacing flower
us embassy said , can reduce a landscape garden about disney woven sohmen . fort
in afghanistan the taliban regime led military action to reverse its embassy in indonesia , commenced in 2001 . united states protest activities will face before
the embassy in jakarta , occurred at the former administration to strengthen safety threat to protest the americans on the effective operation , ambassador . muslim deterrent police sent the tough security bodies
if , on iraq , generally expected . the protest activities will not avoid large-scale military invasion
new world will actively 2 playstation korea to edge of network
sony corp. ( japan ) tokyo ( mainframe mainframe electricity company ) that the new world competitiveness will feature new retail shop in japan to congress convenes in may 2 . use of domestic affairs in the game so playstation memory , 连结 法新社 vendors sold popular game since the frequency of broadband network will be further developed new electronic industry competitiveness
only seven months after the company launched new frequency 连结 competitiveness of broadband line play before competitiveness in japan , as at december rehabilitation service installations . 19 million sets sold
the frequency and composition by broadband network service providers ( isps ) disc 连结 installation only through sales . converters
japan 2 of 2.5 million more than 1,000 mainland . high performance and more users with a $ 400,000 , the ball users worldwide sales of proportion playstation
traffickers in retail shops sold over its grade mainframe . new line , line and encourage users to accompany game play started granting more competitiveness strategy are committed to playing a role to play set 连结
... the ( sce ) 连结 computer entertainment company , &quot; we will play the new subsidiaries . more female users can enjoy new set of shops selling traffickers in line so
2 . a spokesman said , is currently only two game play kind , will increase over the next few months in existing line of 800 74 playstation humanely line play
the game if japan route . about 20 kinds of traffickers have sold
but through the supply of services , broadband network set yet for the sale price of each frequency 连结 pricing yen ( vendors 18,000 150 us dollars ) .
about us $ 57 million in new areas have set a sale of north america about 39 sets about each game , narrowband network of 20 . compatible 连结
after two years will have the world population most designers program asian
singapore ( 24 ) . north america today released the report said 法新社 &quot; &quot; electricity company , more than the international information and other professional designer will own a computer program officers went to the asia-pacific region over the next two years ,
north america is most concentrated areas , second largest european asia-pacific officers went to the world population , to replace owned an r . 2001 , 6,095m
but the report said the international information in the asia-pacific region is robust growth , china and india . korea to the first big
india is 丨 professional officers , especially the asian region is a major source of information industry . north america
information : north america next five years , said too many expected , especially those big country , china international growth will be more robust with india . &quot; &quot; &quot;
when the international information , said &quot; &quot; to 1 , 000 in 2000 , 2001 there were 700 officers went to the 1980s 30 million people . six years is expected to increase
the report noted that in late 2001 . , 1.7 million asian officers went to the information industry
the population than international , said few professional information is part of north america for the information technology industry downturn , the cream of recession . &quot;
genetic research reveals that may affect children born father time
in paris time ( 28 ) saturday , published under the british medical call father will study report , published a magazine of denmark . 法新社 may affect the birth of a genetic
also night about five per cent of pregnant women will have time to reach 200 days , is pregnant . 94 middle
but now mystery . caused this problem will have to know what causes health problems , or why children and mothers
officers first pregnancy in 1992 in denmark 0 to study tracking the birth of cases , have at least two cases as 40,000 3,000 children and mothers are targets . a night when middle
information analysis . production , use only two occasions before they
overall , these women , in the first pregnancy , nearly two hours long pregnancy of a second overtime . % experiencing similar experience
however , first and second child , when more than 15 per cent . when father is slightly different ratio dropped to
the study report . note : the euro had already told kevin - editorial writer sum 法新社 lane
( this ) if you said , the second child health , you change partners with the same person than 30 per cent . pregnant so very long time partner high possibility
repeated occurrence of this research report , said : . if pregnant women can reduce each night of dangerous phenomenon change partners in middle
we believe this is new .
and this means is the decision . father time may result from birth genetic
belgium 抛锚 samples contained 燃料油 tanker soon request
lau waters at 8 am ( 1 ) 4 . xinhua brussels belgian authorities issued the ultimatum to turkey in victoria , 抛锚 electricity than the base &quot; late taken most of his boat owners request by reporters on 5 on 4 燃料油 700 to transport than 1000 tons of serbian &quot;
belgium said that relevant departments of the spanish media quoted 燃料油 燃料油 waters , the charge of pollution caused large base &quot; soon carry the same amount by 燃料油 &quot; &quot; boat owners must assure the prestige of belgium with these waters . avoid causing pollution to extract
boat owners , if not , say , victoria and detained by the belgian authorities will request . commissioned by professional companies trading base &quot; said implementation of oil pumping oil from the boat owners will pay for themselves ,
last month from day 1 of kurds in the olympic 多佛 waters sank to the colour of norway &quot; base &quot; &quot; here in belgium , belgium roy channel via northern coast of new york , 30 km from the tanker . tak then collided with freighter 抛锚
some european flood attacks territory
some areas such european countries germany , belgium 1 4 electricity and czech xinhua , berlin and at least seven people dead . hurricane attacks suffered recent floods
rivers , forced some important railway transport , shipping the interruption . rising water levels were also affected many rivers highway
in germany , 4 . 堤岸 巴伐利亚 submerged areas around past their day in the state flood water are deep water , residents shall not waist trip would have of qi
the maximum estimated 80 years will have special town anaheim . mr
rubber dinghies . local residents to use voluntary service shops
government officials . going-out platform to facilitate people in the old city district built
city history . cologne in heavy rain had also hide
cologne . 144 km long break forced rhine shipping south
government officials said with river water . but continuous decline , past the worst times are
belgium , 2 mandrax 汛 town to serious but still missing . disney connaught love
the belgian government decision , 沙袋 military officers and prevent further summon road levy . dam construction of villages
prime minister vegas efforts for the national permanent peace call realized
victoria ( 1 ) 6 . ma 亚东 colombo sri lanka , xinhua news agency reporter ・ permanent peace on 5 grams , prime minister hariri erji national conflicts , realize common efforts to tighten the call to cap the country nationals hsin 19 years of the long end of electricity
cathay liberation organization , said ma , beginning in the bargaining table , queen victoria organization released a decisive stage , hariri belts ( hsin grams ) of brahms . negotiations have entered did did not leave the road now is what will happen regardless of the night of sri lankan government and permanent peace to achieve national tv speech
ultimately , he stressed in a long way to go through political means to achieve peace , national conflicts before guarantee there will solve all of national interests .
he urged political parties , seeking a voice , his determination to peace . discard the differences
in thailand started with government organizations did for four days of buddha vegas fourth round of peace talks on 6 . ec
that is key in question after the war in the northern district in vegas vegas . the peninsula rehousing displaced husband satisfied with the government did in the talks however serious differences . jia high safety organizations recently
thai army . armed organization said metres of the government proposed conditions , but the reality did this organization is &quot; conditions as unacceptable and a vegas kurds to rehouse people did not discharge &quot;
last february and vegas ceasefire agreement signed between the government started implementing formal organization . both sides did
9 . peace talks both sides held three rounds , the middle of
thai areas in northern and eastern war has passed , but said vegas organizations seeking did seek in the federal system , establish an independent country , who conducted autonomy .
as china shaanxi 泥塑 sheep in sheep mascot of fung
six village 8 1 . xinhua county in shaanxi electricity 泥塑 yu wu ying sheep xinmin folk artists in xian , china 2003 mascot was selected to do work was elected as a stamp sheetlet sheep
the mascot selection . this is the chinese new year for their first
starting from september 2002 . central joint publicly sheep in 2003 from more than 50 such national tv mascot , mainland media
at the end of 2002 elections candidates were received for many of its assessment of sheep to 3000 . &quot;
wu filled the mentality of shaanxi , sheep , sheep , 泥塑 xinmin &quot; favored by folk artists in may . most auspicious 憨 shuang-jiang honor
final votes laureate . note to occupy a mascot of the sheep
shaanxi , and to rural areas village of 1995 and 2002 &quot; folk art , folk artists as the art of pigs and pillows 宝鸡 county county loong &quot; , its old folk crafts 泥塑 zodiac yu wu ying 宝鸡 beneath the six countries of the year pictorial stamps were issued . ma artists post offices overseas
the non-governmental 宝鸡 泥塑 wu for his third xinmin sheep was elected as countries that post pictorial crafts a stamp sheetlet .
the court special medical group will confirm that croatia pui hague football grams of illness
8 ( 8 ) army chief of xinhua news media 萨格勒布 belgrade 成明 yeung , a day in court to disclose medical group to croatia croatia hague will confirm whether recent court reporters before the war criminal suspect who was wanted by the hague grams grams of total electricity : 1 . football to allow his illness to trial for special pui
last november . football special treatment in hospital pui mid grams
he has , in croatia connaught , prime minister he would permit period for in-patient hague extradition to court . cheong
last september 20 . south and the international court spokesman said special pui , the court has issued a statement on human issue formal extradition request before the arrest and croatia grams of war crimes committed against crime wave
november 1992 to july 1995 have special than yam pui grams grams . army chief of the football
the hague , 100 court accused him of his command , serbia and civilians and servicemen killed many ethnic medicinally 300 in september 1993 . the burning of
the matches of the allegations against him , special branch to the media statement for the hague court refused pui night life , and said their court . price for claiming to be hague will not succumb
mei missile defense was cancelled two pilot interceptions
washington ( 1 ) 8 8 new rolls , us defense department spokesman , call reporters new party announced decision to cancel nalchik interceptions on us troops fired missiles is xinhua interceptions in the two wooden missile defense missile rocket boosters reasons behind the first pilot development process . tam
missile defense department issued this year after rolls nalchik . boeing interceptions to solve the need to focus on energy sector in autumn this year , next time will help push new pilot production company , 2033 missile rocket rocket boosters
boeing company of 2000 than original plan to start carrying rocket boosters &quot; postponed flight test conducted new devices interceptions missiles . technical reasons , but as
in december 2001 . boeing company and take a decision after the failure of a rocket boosters , completed on this autumn to reassess
8 . miss interceptions in the pilot of the u.s. military base in time , no less than 400,000 militiamen boosters and missiles , such as alternative use rocket boosters and modification of the pilot &quot; &quot; effect is not ideal
last december and july 2000 with missiles have not conducted pilot rocket boosters interceptions for its failure . &quot; interceptions and isolated
us president bush last december 17 . september 2004 , ordered a missile defense system fight to establish a preliminary preparations started defensive missile defense system than
but only from missile defense system , many experts think . essence not ripe for technical preparations ,
bush also indicated that if missile defense department officer cannot manufacture the deployment boeing company disney cards , the whole missile defense system rocket boosters competency as scheduled , will be affected .
president lee slovak outlying hong kong shanghai
take shanghai party husband ( 1 ) 10 . xinhua news agency reporter schindler republic president mrs lu electricity 10 am on outlying hong kong to visit shanghai , shanghai is the end of road ・ 解蓉 vegas plane flew
shanghai deputy mayor for the airport of slovak y president mrs phillip schindler . his entourage off
straw is from 8 p.m. noon on shanghai visit . beijing delegation arrived than schubert
shanghai mayor , chan vigil in shanghai , and see the building of unscrupulous welcome more enterprises for economic and trade cooperation on 8 . shanghai slovak schindler
8 pm . , attended the seminar , sterling entrepreneurs of schubert
on 9 . schubert slovak display design institute of electrical , and visited the shanghai urban planning department representatives attended shanghai museum and shanghai museum opening ceremony ,
total trade of the slovak , steel , shanghai has 3 million us dollars . such export mainly for the present both sides and vehicle parts , pharmaceutical goods and export commodities , apparel and furniture
the invitation of state president jiang zemin is wah of schubert should a state visit to china . 4 january came
shanghai has become the fourth largest container port kong world beyond kaohsiung
janet ( 1 ) 10 . xinhua message , shanghai port call reporters from kaohsiung industry completed about taiwan , hong kong container port throughput is completed , kaohsiung 861.2 million teus fung hong kong , shanghai shanghai 849.1 million teus of containers last year and fourth largest container port throughput also become world beyond
warmer , sustainable economic development , global economic development of china shanghai last year to inject new vitality .
shanghai , hong kong 2001 634 million , 800 million container throughput reached straddling two boxes of 700 million ; 猛增 billion tons , the throughput 861.2 35.8 % over last year , trade , export volume growth of 2.6 billion tons of cargo volume growth ; $ 1 million cases over the first steps , completed 22 % . 19 % over the breakthrough
shanghai , hong kong to become the largest in the huge density for a broad economic hinterland . 干支 underpinning the most direct routes , flight network ,
at present , shanghai port , in many districts have 12 routes , with global trade , hong kong and australia . world 400 flights to europe , north america , is regularly gulf between individual flights weekly flights to the mediterranean
the world on flights each month . $ 1300
kong , shanghai international shipping centre throughput will expedite construction of a breakthrough realized this year , 950 million cases original objectives . 1 million teus , 1000 years ahead of time achieve upward
turkey base permission for the usa ldc
10 ( 1 ) road , turkish press 10 matches for finance electricity 国民报 turkish government has agreed as 150 us law journal , the war in iraq may use military officers deployed on base and the port . xinhua turkey ankara visit
these reports that the united states military officers after repeated negotiations , both sides finally reached consensus document on american soil . legal status and
if these documents , military facilities , turkey will accept outside the united states officers under investigation . committing a criminal
the arrest and imprisonment , sentenced to turkey . judiciary have
also in court . if permission , united states criminals can
officials at any moment , it can formally satisfied many news agency reported mei ah . geotechnical this document signed by lo
turkey , united states agree to allow his request was also reported use of turkey in turkey , battlefront territorial base and the northern iraq , &quot; harbour 8 million from turkey to launch attacks . in baghdad , and ground forces for their deployment
military experts hope the port facilities to turkey and the american side and construction of the base , and soon achieve actual combat these standards . expedition to
3 . disney is at the united states use tap grams and rigoletto base for three harbour , merkel albrecht , schubert and profits for artists in kandahar , queen of england is hsin chu vegas
the south and east turkey . they are located in southern
iraq resumed us refugee reception
iraq resumed , department officials said the scheme than 10 1 10 . xinhua discontinued in washington , united states government announced the scheme after receiving refugees refugees temporary electricity ,
american officials in iraq , said refugees have now resumed resumed enforce immigration scheme , but no reason . scheme a few days be suspended or discontinued state reception
senior officials in washington , united nations high commissioner for refugees on 9 . scheme tel inform representatives of iraq , us state department received notice reception of refugees was discontinued
the refugees scattered in jordan , syria and turkey . a major change affected by this
profits of these refugees refugees to disney will commission the united states than ・ guldan tells me that kept the predicament they blame the government persecution . iraqi president saddam hussein saddam must
7 million plan in 2003 . united states government reception of refugees
only 7 million last year , but actual plans for receiving refugees receiving the same amount less than three million .
( will ) swans capital hotline children civic odessa opera stage drama , the country
its first stage drama , the health of children under the night on changan residential electricity capital beijing opera troupe from hebei swans fairy swindlers rehearsal on 11 january 13 to 24 1 ― cinema . xinhua ― big country
the country look good in this beautiful , costumes , cultural , concentrated on swans &quot; diorama , integration , pleasant to form , performing for language , used to sing opera , music , playing good stories .
the princess kind-hearted . love it because 后母 depicting jealous , beautiful and anne-marie ii ; she was furious and painful persecution of persecution and gone to salvage the brother of
ultimately , defeated the draconian love really ugly . fake thoroughly shin mei settled three out of beautiful ii completed a magnificent life to
reports of the drama . beijing as the evening , a dance design can weigh melodies , mei
in both the remarkable idioms , called fairy , retained the overall grasp on the green means famous opera stage and make people feel romantic aura , especially in large numbers to mobilize the masses in the lively arts director to have his unique style . tse , remarkably ,
love is a country played by actors , grade ii plum blossom award &quot; &quot; cheung yan ling presidents .
she grasslands , round clearance . monoacetin
in the beautiful and beloved friends from afar the 60-year inspired sad , sang a large body of the anti- &quot; wong , sharon is rich . cityscapes brother for a lively
the drama of life she and entertaining headgear . chiu pretty close , concise inglorious
colombia 4 car bomb explosion killed at least
yoon procuratorate ( south ) 1 . 16 and the xinhua news agency reporter football colombia big brother is the second largest city , mr lam electricity , causing a car bomb explosion occurred on 16 morning waterfront areas downtown 26 people dead , injured at least 4
colombia , a police car park waterfront procuratorate explosion in a hire car shopping malls . 8 am local time revealed : 05 pm
