the scientists for early completion of non-life-threatening set loss of concentration , orderly , bernard
2 . ) said they had set the paris international scientists for electricity , with many concentration on this section 14 ( 法新社 early human diseases , including 30 completed the ear chromosomal disorders may suffering from disease , orderly ah how old a nuisance
this is completed , it has proven to 700 million from $ 8,000 to the fourth oxygen concentration , orderly ( set ) . dna profiling to
the study shows that natural science section footage of 50 british magazine published by 14 to 1 . genetic sequencing of genes and concentration
the goal is found , scientists and deeper genetic diagnosis , provide tools to provide these genes may prevent genetic disease-causing obstacles of therapy . defects by
international scientists from france to genetic research centre , said genoscope non-life-threatening leadership have youthful vigour and immune system . two functional 60 types of genetic concentration of genetic disease section 14
previous studies have been for many diseases , including children suffering from these diseases , sex , david teeth , a certain 麻痹 cramps and concentration in sight and hearing damage nuisance to identity to a small initial ear disease section 14 . abbas
about 200,000 people suffering from aids disease early states ear , abbas abbas ear disease patients had five per cent . the united states occupy a nuisance
a total of 23 . human concentration
three years past , have been completed , including three on second and second section 20 11 to 12 . sequencing concentration on
australia was opened again embassy in manila
the embassy . ( 2 ) 法新社 manila embassy in the philippines , australia seven weeks ago , call it the threat of terrorist attacks are closed today for so-called opened again clear
australia , said in a declaration 皮尔 embassy in manila , announced the resumption of calls to vegas ambassador . all filipino olympic filipino prosperity , ministry of foreign country
november 28 . in this week with canada and australia in the eu embassy , and they have closed slightly earlier
philippines ambassador said , all three members of government to step up security measures are olympic prosperity .
the philippine government threat is closed , so-called embassy had infuriated excessively injury , the embassy . fleming closed country image , it said exaggerated
manila , because he had duties are free from australia and the canadian embassy . police intelligence officials of the terrorist threat to disclose the intelligence was
same with australia . eu embassy office building in
place in the euro coalition with the 911 terrorist attacks , because they have closed around southeast asia , the anniversary . princess bin organization and the western united states house of kazakhstan diplomatic mission . the threat was $
north korea will conduct more australian foreign minister means poor cannot obtain assistance
( 2 ) international efforts for sydney , australia believe , north korea had urged 法新社 contempt for electricity or other agreement will prohibit acts of nuclear proliferation or other assistance to obtain more &quot; poor cannot compromise .
in australia , foreign affairs minister , said today that a nuclear facilities in pyongyang to restart the controversial decision , obviously . united nations assistance and monitoring staff forced expulsion and international trade concessions aimed
australia is one of few countries has diplomatic relations with north korea .
north korea , united states , we must do is think tang . the agreement has to want the framework agreement , from 1994 to obtain global trade concessions , assistance and other countries , including &quot; violation ,
australian broadcasting corporation , we accept mr &quot; point and very important , not to be put in north korea is bad .
tang pointed out , &quot; roadside monitoring staff satisfied &quot; nuclear facilities , to restart the expulsion of united nations international community will provide support . ning , curb these acts
. this will effect , we expect these measures will be diplomatic &quot;
if we will have &quot; . north korea , excessive reaction
we do not want &quot; .
tang said australia pong and close co-operation with other major asean states are satisfied to north korea has recently resumed to compel a revocation . the steps taken to freeze the nuclear programme
we tried to do is to ensure common , especially because we hope the international co-ordination tang should not take measures . without &quot; take countermeasures
his plan for economic revival sheehan defence chief
us president ( washington ) 6 . revitalize its economy to its chief michael 法新社 fahey &quot; pledge my benefit , not just the scheme will benefit the rich people think michael &quot; general scheme of the working public electricity is substantially lower taxes so rich people , urged
he told reporter , &quot; stronger in the republic . chicago sheehan expecting formally published tomorrow , i said : united states economy is the world will hear every one of
can the american economy . however , we believe more powerful than the present &quot;
fahey for 10 years passed , the president will finance chief tax scheme will revitalize its economy . stocks , for one half of their shareholders , and urged members of congress to abolish the absorption of 600 billion in 2001 will promote expected profits of accelerated plan released a lower tariff rates
this timely fahey , embroidery , attacking the united states presidential election scheme can promote the smooth democratic party as a prelude to the blueprint is not like the democratic party , proposed 2002 .
in a democratic party of eight major proposed measures to 1,000 within 10 years will award around 1,300 billion us dollars . 6 billion worth of total consumption expenditure , tech
democratic leaders homes with other opposition members effectiveness in the west heroin fast this price is fair , accounting , laughter , &quot; sound scheme .
refuting allegations only focus their scheme , said michael white cloth outside scheme than rich people , he said revitalize its economy would benefit mainly the republic sheehan lead economic vitality and growth . tech fahey &quot; &quot;
on this project will provide the working public security chief fahey . tax concessions
the plan , may the money , spend money , so many people will create more job opportunities . &quot; out before
american and north korea talks but refused to pay remuneration was willing
washington ( 7 ) . united states today as &quot; 法新社 &quot; evil axis of nuclear north korea said negotiations but willing to finance this enemy not provide electricity to award the new communist country and revoke the inaccessibility of
iraqi and us president of north korea chief government crisis , a step forward towards japan currently facing a double in the republic after talks with senior government officials and diplomats 南韩 pyongyang statement implies , this policy . the united states on fahey &quot; &quot;
the us delegation and talk : &quot; declaration of the international community on how willing it to illustrate obligations . north korea
north korea , however , stressed the united states delegation . discharge any obligation to provide us not to allow existing remuneration &quot;
the united states officials insisted that , although they used before in the north and diplomatic negotiations but willing to north korea nuclear weapons ban , they will not consider the various korea agreement about wording to start negotiations on compliance procedures .
state department spokesman said the agreement reached before : &quot; again we pay the price for mr. y shek . &quot; reluctant
countries in north korea , lam said the government to abandon 钸 fahey and chief of the united states refuse , and a uranium enrichment . before that , a database of nuclear talks before
before the property line for fraud charge practically mei will plead guilty
practically ( los angeles ) , said the united states &quot; 法新社 &quot; housing industry as prosecutors and former heads of electricity line ( of ) those shops have agreed to a settlement . homestore scandal , ext action against fraudulent transactions done from the case to plead guilty
in the united states special assistant manager , said senior inspector housing authority and shops have been satisfied , agreed to purchase agreement before a stock transactions involving begged him to plead guilty . ext velvet fraud counts edict
another man said seven million us dollars , fox also agreed to pay civil proceedings , velvet counsel are satisfied with the american stock exchange to a pile a settlement .
ten years , said &quot; determinate securities fraud may impose a maximum sentence agreement satisfied , but follow &quot; . wellington , is substantially reduced plead mitigation
the officers involved in the 2001 revenue as prosecutors pointed out the investigation report , housing , financial fraud and conspiracy velvet satisfied shops in charge of irrigation use misleading business types .
fox , said &quot; irrigation and people know partly satisfied themselves wall street stock prices , housing , housing stock . after delinking the attention that held the key velvet shops not benefited &quot; forged shops operating revenue
similar transactions before the west have pleaded guilty and convicted in art shops ext housing court charged april 21 , vice president of wearing intended for sentencing .
long before the trading and finance housing shops have been introduced for long . kat 约瑟夫 grams of securities fraud conspiracy count pleaded guilty . peter houston
and with other companies , said peter 约瑟夫 irrigation of prosecutors . kat grams of suspected accounts , head of rest . revenue figures for housing shops will be replica
many people died in traffic disruption of the european days of heavy snow
( 8 ) 法新社 low-temperature siberia and the vienna , leaving several people have strong from the days of heavy snow throughout europe highway , railway , electricity and sea traffic , air traffic to death . also among
the russian capital , 39 , including many cold temperature to freeze all think that even the last six persons were killed , and elderly people have died from moscow to enable this year due to authorities . tramp intoxicating liquor majority number of
three people , lithuania and disconnected . because more people died in last night , 腿脚 fingers and must have gotten frostbite
the southern districts in 16 years , new england record low temperature satisfied 6 degrees celsius below zero . tile 32 points to
three illegal immigrants , india and also tired of monday killed and 20 degrees celsius below zero temperatures dropped to the local slovak cold .
meanwhile , said the euro snowfall units for areas outside the miss world , train shark has closed roads and airport delayed and paralysis .
british rail and highway traffic standstill , some areas along the eastern region of the icing westward to accident incident has lowered pushes the disadvantaged . snow , snow movement now
last summer , czech republic has attracted serious flooding of the neighbouring 18 degrees celsius below zero temperatures as low as slovak border area .
world environment research centre watchmen lauded revolution
worldwatch ( washington ) 法新社 research centre ( 9 ) &quot; environmental research organization &quot; caretaker of his address , the world revolution of electricity during the year to us now , praised optimistic attitude in many countries are successfully &quot; environmental , health and environment institute and resolved that the world come to curb social problems .
daydreaming &quot; . 9 : buddha &quot; world , said &quot; establish a responsible man &quot; rolls on young world research centre will enjoy a healthy society also let our needs , no more a caretaker
spain , germany , japan is the model of exciting world report said the use of renewable energy . 丨 achievement of this rich with cars such as solar 丨 now increasingly prevalent sexual
renewable energy has been a success in implementing the strategy buddha rolls and sex talk , we are entering an era &quot; .
the culprits , cfc production report noted earlier generation , said 81 per cent decrease 丨 damage the ozone layer , in 1990 . world
moreover , world health organization has polio , polio , promote global campaign will reduce resistance from 1988 to 2001 . 万例 380 of the 35 cases of
in washington this environment of environmental performance research organization set up headquarters of 86 % netherlands also praised endemic to prohibit the use of brazil ; full recovery from a record of denmark in may 2001 . aluminium cans , bottles and recycling use of renewable energy such as motor sex ;
the report said the organization past achievements , including 500 global threat , causing serious threat held out hope for 7,000 daily discharge of malaria . daily lives of mortality to throw the air , food and water pollution , and these unfortunate children
states may be on time , ann kerslake resignation
washington ( 12 ) united states 法新社 electricity companies announced he will line to the times , he said , satisfied the resignation of chairman wah . tonight is the best in may this &quot; &quot;
he explained , he said he has decided to adopt the decision . his criticism of steps to avoid &quot; shareholders for cooperation , and if we get will focus put on our ability as a team of business entirely
january 2001 steering committee with cases of two companies agreed by the united states federal united states time line is still with us will merge its directors . time line of
policy-makers 1,500 consent . the merger case later announced in january 2000 , when european billion , the case then
in return : if you make a declaration of this , i always think that i can change things , &quot; track is very difficult decision for the next few years is very important and i expect this highly of individual producers . the merger , as i hope i left home and help big companies as chairman to chairman
first , since certain individual shareholders will not need this critical moment in our business and trading company , after the merger , he stressed : &quot; uncomfortable disappointed if i therefore decided to take action , we should now be hindered . i gather in focus , and we will avoid a team of co-operation in this company entirely
the united states company , time warner in 2002 was expected on the united states commercial advertising and sales network of 2001 will reduce to 15 billion to 16 billion us dollars . 27 billion
87 billion , is to 90 million will total sales . 8 million us dollars a year ago for 88 billion us dollars
the company expected , with january 2002 , 2003 . total sales on the united states 40 to 50 % change , and almost no commercial advertising and sales will reduce the
north korea for the world nuclear non-proliferation treaty enemy will not withdraw
washington ( 15 ) . north korea from the united states 法新社 electricity problem of evil axis &quot; voting in the festival , international crisis contributed significantly to slip into upgrading efforts and the spread of nuclear terrorism will not global effort
cast and washington , pyongyang announced on march 10 . nuclear non-proliferation treaty to withdraw , not confrontation
analysts said , now spread of nuclear weapons , has not failed attempt , this treaty enter in 1998 for fear of nuclear efforts over the country club , the world of india and pakistan sign a deterrent so seriously .
five , four days after the united nations security council permanent member countries to take such actions this crisis take preventive actions . a foreign pyongyang
one said , it will chair this ended pyongyang , russia and china proposed sending envoy to north korea . the deadlock and dialogue between the united states proposed compromise
britain and france . in london to discuss this crisis
pyongyang , international atomic energy plan , it has been warning may take action . asked if abandon nuclear security council refused
russia and china , many of us think this action . observers in moscow and decide whether beijing talks in north korea may force the veto cast votes
iran and libya close attention . other countries such as north korea nuclear crisis may have the will of development capabilities ,
they will not be penalized or nuclear weapons . north korea nuclear non-proliferation treaty and attention to withdraw the united states non- stop development capital , in exchange , obtain huge
officials said before : if north korea to withdraw , tu was cirque state control , they can think , they may not be andrew non-proliferation treaty nuclear weapons capable of paying the price . take the same action and not contemplating &quot;
the international institute for international economic , north korea may not believe drove tactical errors committed a lan connaught . tak solve this problem , because nuclear non-proliferation treaty will withdraw the decision more firm determination of
japan china before the court dismissed workers huge compensation litigation slaves
tokyo ( japan ) 135 million yen ( 15 court today dismissed a call for a 100 million us dollars ) two together , sued their compensation costs in this action by six chinese workers . a block of slaves in japan forced war 法新社 nickel 矿山
kyoto , japan , although the government and industrial district court judge in new companies based in illegal acts , but he has common dismiss this limitation , said 楠木 metallurgical compensation request for 20 years of civil litigation .
楠木 responsibility : &quot; &quot; termination of a defendant .
china metallurgical slaves to five , aged 72 , widow of outstanding payment before the japanese government and roots , lau slaves were industrial workers and companies seek to ethnic apology . workers , including wages , compensation and
six people in japan this year period , they have often been here for industrial workers , gloucester . metallurgical slaves , warm , and keeps
japanese industrial policies , said plaintiff , metallurgical countries japan , there was government argues that the company insolvency of confrontation , the constitution . it did not require compensation
in court judgment . &quot; correspondence after reports , lau said humanitarian lack social judgment on current cases , this is in a press conference : &quot; roots
he said they will appeal .
japan , i will receive support , i struggle many cases &quot; . lau said friend roots &quot;
this judgement of history . a plaintiff lawyers , and requested that japan and japan industrial metallurgical &quot; breach of government records &quot; apology to solve this problem , payment of compensation payments and
in the war , this is common , such compensation coverage of social action were first defence was dismissed .
slaves in kyoto , then arrested for about 200 workers of chinese troops . nickel 悦 矿山 町 rivers , big government attention to increase
fourth quarter last year sales growth of nearly 30 per cent said abbas cartel
alcatel boom . ( france ) cartel of electricity industry downturn because of paris by itu telecommunication equipment manufacturing ( against fourth quarter 2002 ) , said workship abbas abbas should combine the cartel may nearly 30 per cent growth over the quarter before 法新社
this strong seasonal factors and equipment sales growth than expected sales and actions reflect rising frequency the infrastructure for broadband .
cartel may reach 50 million euro ( abbas will near 100 million us dollars , after payment of $ 152 million ) . ping said that following two points from the fourth inventory is preparing a profit and operating revenue
a statement saying cost cutting measures in a database of abbas . promote cartel
welcome to paris , announced a cent . stock market than abbas abbas each point early afternoon , said a large rise in stock transactions by the cartel euro pun cartel reported nine
equities ( securities ) . this global analysis said global sales figures attending on buses from the fourth movement is especially architects :
lu ping , he said two grams of aggrieved chairman abbas abbas in late 2003 sales can be expected before the cartel to 30 billion euro ( less ) tchuruk point cut profit and achieve a profit . serge cartel may mean
the company figures will released on february 4 . abbas cartel , its annual income
six years for japan to achieve real 1.5 % ) 2001 only once is expected to grow
tokyo , japan ( japan ) . news reports that point today japanese economy will achieve financial meeting has extended period of five per cent more real power is two years of the accounting year government economic forecast economic growth and 谘询 法新社
tang 谘询 economic meeting five years was also expected total financial future , because his 40 yen bonds issue high time than originally expected budget deficit cut long .
economic and financial reports in the next five years to medium-term economic outlook report operating principle throwing more resources on december 20 . final target
initially , 谘询 medium-term economic outlook report , economic and financial operations is to have it in early january . amendment is passed before meeting cabinet meeting held last year than
reports that the economic outlook report , the current version of a cabinet of interim government . four of five per cent per year , can spread denomination and five per year 2000 are real growth rate expected growth rate
the report for 2002 . amended version , but real growth rate by only 0.9 % growth expected denomination
reports said that accounting year 2000 are amended version and is forecast to report . five or six per cent to achieve real growth rate is only point above
accounting year 2002 will only occur once required seven or more than two years . , extended period , originally earmarked denomination % growth rate
reports that deflation will report also extended the timetable after two years . looking to rid
australia has a serious fire anti-terrorism facing most people died in 50 years , lam
sydney , australia ( today ) have electricity and housing nearly 40 fire raging winds expected 法新社 canberra as threats to destroy the dwelling and surrounding rural lam , the temperature 18 . donald will further expand the capital with the rising costs ; the
canberra , australia , meat and australia 10 extension ( of ) other officials said surrounding rural townships to act , the regional capital territory has been missing . reports that several people killed , a fire in a few
brown , police said . a federal police confirmed the news , but missing people being devoured by at least try fire someone know precisely den
the south and north western district of emergency . canberra mountainous caused due to strong wind , fire authorities announced today , lam capital territory in full control
firemen , lam said as the military has few thousand population is concentrated areas 徵 summon fire extinguishing of imminent accession on fire .
in this most serious threat , the officials described as emergency evacuation in new south wales forest fire ( park ) . mount grams of euro countries , i hereby snow mountains for sightseeing and 50 years people have kosciuszko towns in the mountainous
fire department director , said rural district in new south wales 败退 &quot; pui-chung may mount qualified within 50 years , the most serious threat facing the situation is very stark are steadily ; elizabeth woodland . snow mountains for sightseeing , blocked fire fighting a battle , 8 million hectares more than 1,000 officers cannot fire swallowed up
yan ming emperor harboring cancer care receive operations smooth gland suffering video
tokyo ( today ) , 18 . royal cancer surgery harboring yan ming emperor seemed not accept the gland , suffered a smooth , said the operation care practitioners cancerous cells , spreading to other electricity organ video 法新社
hall in tokyo university hospital attached a competent medical payment . peter fact : successfully completed as scheduled , lang will press said &quot; operation carried out smoothly
and , with his majesty the queen has been palace by narcotic . princess disciplinary aromas &quot; accompany
we think ( &quot; appearance , cancer and spread out ) . &quot;
gold will conduct further examination to ascertain . video gland , said peter 只限于 cancer care physicians
this time by three hours and 40 minutes , six of the surgery , yan ming will jointly time-consuming gland harboring the entire care physicians . video
this is 69 . personal power in 1989 , yan ming emperor chamber outside hospitals in fact the very first ever surgical hospital the
about a month , said yan ming . physicians intended to recuperate
physicians not many , his bleeding , said peter yan operations using only prescribed blood transfusion . gold
already the blood of these in advance before the surgery . storage yan ming , unknown quantity of practitioners
he said government cabinet secretary yasuo fukuda , and expect to recover soon . day was pleased the operation was successful , the king
government officials , 42 , has said yan yan ming tak in 皇太子 shortly before admission . constitutional duties on behalf of emperor
because this is a record first transfer of emperor sick and duties . in-patient
fleming forces to fight ccp-instituted assembly guerrillas threat
security forces action . ( 20 ) confrontation in manila , philippines ccp-instituted 法新社 electricity attack guerrillas in certain parts of southeast asia are large gathering here formations 西沙群島
some new cards , 旅长 assembly today said the army forces &quot; attempted in some areas people are filipino &quot; . sum of manila , philippines , including various provinces of southern and northern central islands
the sluggish &quot; right , or they think they attack on certain areas and strengthen the attack military forces . the intruder &quot; &quot; populated areas crowded
officials said new so-called soft targets , such as telecommunication attack army has stepped up with other people power facilities . &quot; &quot;
army police chief last week , dan billion worth a few people safe investment , telecommunication companies avoid new attacks . buenos aires countries request
armed forces in areas the card has the most likely more filipino forces . &quot; threat to society was &quot;
the new card army officers , has said the two years ago by a filipino sum of 10,000 to 10,000 people , about 2,000 23 per cent . at least 3,000 reduce worldly
one early 2001 , representing some 5,000 people is , at least some &quot; &quot; armed regular soldiers .
he said government . many new army soldiers in the villages they frequent repulsing 400 people
he said : . slow but &quot; win back the confidence of people we are ascertaining
national security adviser hereby sharking , it said last week , political and military people return to the negotiating table . army in the philippines was seriously with the new communist party forced the source of frustration
philippine president , dr two members of parliament members stop 叛军 assassinated in 2001 . interim country after negotiations with filipino indecent ccp-instituted
last year with its new american terrorist organization international army . philippines foreign people &quot; black list included communist
western europe , canada , with many government agreed to stop government . wah and the overseas assets of foreign source of finance and a freeze them trace 叛军
china mobile users will retard growth
mainland china this year ( 21 ) . beijing expected 5,000 new electricity will be reduced to two million mobile phone users 法新社
last year . 6 million
however , part of may , said today . underestimate this objective information industry forecast beijing morning post quoted
last january , then part of five million million for new users of information industry forecast figure , but the actual hand to 5,000 .
china late last year , two million , compared to 6 . 42 per cent growth million mobile phone users
last july , china , beijing has said the operators and mobile phone market .
a year before , users of mobile home alone . global yeuk
meanwhile , reports said that last year , minister of information industry recession in the phenomenon of fixed assets investment , investment , industry minister forecast this year will discontinue the e-mail may be fair .
the e-mail industry reduce investment in fixed assets last year , 20 % , 106 lives become 2,000 billion renminbi .
the total investment . 97 % telecommunication industry investment accounts
the e-mail , fixed asset investment , industry minister forecast this year will reach 100 billion renminbi . last year , down slightly from 2,000
telephone users in part for 3,500 new reports that the information industry forecast 400,000 . three million this year , lower than last year , operators of 3,000
two telephone users in late december last year , four ftns million a year ago , mainland china than 1,400 billion increase of $ 135 million .
ng also pledged to speed the minister will enhance competition and control agencies . set up a telecommunication
he has become the most important problem of control : &quot; . telecommunication industry of telecommunication
we will post and telecommunication radio management trust law amendment law , drafting regulations . accelerated &quot;
world health organization began new election is also chairman of
geneva ( 21 ) bell electricity than nomination process will start next week , aids prevention to membership of three new prime minister lee is also chairman of belgium , united nations agencies who membership than skin , tuberculosis and recreation 南韩 mok world health organization experts responsible for the olympic mok . three people , most probably 法新社 yau-ming grams of such weapons
the monthly meeting the performance of his list of candidates to five , and cut tak norway will nominate a person than the world health organization to succeed president . 28 , warren 自今天起 mbfel is also chairman of filipino
however , world health organization has to be nominated last may . 192 member states than confirm
mok vie bell in the premier also chairman of love most is : three good diplomatic grams than three candidates than mok unaids programme organisation , lee said hong , world health organization and skin disease prevention of spread of tuberculosis prevention scheme was responsible for the olympic officials , united nations weapons .
under a different world , mainly by united nations agency unwritten rule . try to make
europeans , diplomats , some western skin as a means . beginning in recognition of olympic
a member countries from the southern people waiting to see &quot; now succeeding diplomats .
independent producers urged people to help uphold freedom of prosperity fuk dr lui
park ( 20 ) in the anti-terrorism war until 法新社 utah electricity market for us producer and the freedom was independent of the screen idols lo urged prevent corrosion . laser fuk prosperity together
sheehan issued yesterday in his independent film festivals abroad and attacked . laser fuk transcript to dance on civic freedom , his generous government policy is clearly on the mainland bluntly indirectly
and other basic rights , freedom of expression , warning that the united states , laser and independent political views . fuk with another type of film arts can help protect threat was being
he said : the advantages of a commercial is not independent , the producers also expressed different views . it not only not burden in dogma
